#
# A fatal error has been detected by the Java Runtime Environment:
#
#  EXCEPTION_ACCESS_VIOLATION (0xc0000005) at pc=0x00007fff1988c4f6, pid=10932, tid=4280
#
# JRE version: OpenJDK Runtime Environment Temurin-21.0.6+7 (21.0.6+7) (build 21.0.6+7-LTS)
# Java VM: OpenJDK 64-Bit Server VM Temurin-21.0.6+7 (21.0.6+7-LTS, mixed mode, emulated-client, sharing, tiered, compressed oops, compressed class ptrs, g1 gc, windows-amd64)
# Problematic frame:
# V  [jvm.dll+0xc4f6]
#
# No core dump will be written. Minidumps are not enabled by default on client versions of Windows
#
# If you would like to submit a bug report, please visit:
#   https://github.com/adoptium/adoptium-support/issues
#

---------------  S U M M A R Y ------------

Command Line: -XX:+ShowCodeDetailsInExceptionMessages -agentlib:jdwp=transport=dt_socket,suspend=y,address=localhost:62964 -Dcom.sun.management.jmxremote -Dcom.sun.management.jmxremote.port=62963 -Dcom.sun.management.jmxremote.authenticate=false -Dcom.sun.management.jmxremote.ssl=false -Djava.rmi.server.hostname=localhost -Dspring.jmx.enabled=true -Dmanagement.endpoints.jmx.exposure.include=* -Dspring.application.admin.enabled=true -Dspring.output.ansi.enabled=always -XX:TieredStopAtLevel=1 -Dspring.boot.project.name=WorkersMeet-Service -javaagent:N:\software\spring-tools-for-eclipse-4.30.0.RELEASE-e4.35.0-win32.win32.x86_64\sts-4.30.0.RELEASE\configuration\org.eclipse.osgi\270\0\.cp\lib\javaagent-shaded.jar -Dfile.encoding=UTF-8 -Dstdout.encoding=UTF-8 -Dstderr.encoding=UTF-8 nabi.comworker.WorkersMeetServiceApplication

Host: 13th Gen Intel(R) Core(TM) i7-13620H, 16 cores, 15G,  Windows 11 , 64 bit Build 26100 (10.0.26100.6725)
Time: Thu Oct 23 16:02:36 2025 India Standard Time elapsed time: 49709.874546 seconds (0d 13h 48m 29s)

---------------  T H R E A D  ---------------

Current thread (0x00000216158456f0):  WorkerThread "GC Thread#0"    [id=4280, stack(0x0000002b7c500000,0x0000002b7c600000) (1024K)]

Stack: [0x0000002b7c500000,0x0000002b7c600000],  sp=0x0000002b7c5fe158,  free space=1016k
Native frames: (J=compiled Java code, j=interpreted, Vv=VM code, C=native code)
V  [jvm.dll+0xc4f6]

JavaThread 0x0000021676375930 (nid = 39868) was being processed
Java frames: (J=compiled Java code, j=interpreted, Vv=VM code)
j  java.lang.invoke.DirectMethodHandle$Holder.newInvokeSpecial(Ljava/lang/Object;)Ljava/lang/Object;+15 java.base@21.0.6
J 917 c1 jdk.internal.reflect.DirectConstructorHandleAccessor.newInstance([Ljava/lang/Object;)Ljava/lang/Object; java.base@21.0.6 (130 bytes) @ 0x000002161ba1406c [0x000002161ba13e60+0x000000000000020c]
J 916 c1 java.lang.reflect.Constructor.newInstanceWithCaller([Ljava/lang/Object;ZLjava/lang/Class;)Ljava/lang/Object; java.base@21.0.6 (51 bytes) @ 0x000002161ba0eebc [0x000002161ba0ede0+0x00000000000000dc]
J 25369 c1 org.springframework.beans.BeanUtils.instantiateClass(Ljava/lang/reflect/Constructor;[Ljava/lang/Object;)Ljava/lang/Object; (208 bytes) @ 0x000002161c008984 [0x000002161c008400+0x0000000000000584]
J 28763 c1 org.springframework.beans.factory.support.SimpleInstantiationStrategy.instantiate(Lorg/springframework/beans/factory/support/RootBeanDefinition;Ljava/lang/String;Lorg/springframework/beans/factory/BeanFactory;)Ljava/lang/Object; (123 bytes) @ 0x000002161b7683dc [0x000002161b767f20+0x00000000000004bc]
J 28762 c1 org.springframework.beans.factory.support.AbstractAutowireCapableBeanFactory.instantiateBean(Ljava/lang/String;Lorg/springframework/beans/factory/support/RootBeanDefinition;)Lorg/springframework/beans/BeanWrapper; (51 bytes) @ 0x000002161b7697f4 [0x000002161b769740+0x00000000000000b4]
J 28440 c1 org.springframework.beans.factory.support.AbstractAutowireCapableBeanFactory.createBeanInstance(Ljava/lang/String;Lorg/springframework/beans/factory/support/RootBeanDefinition;[Ljava/lang/Object;)Lorg/springframework/beans/BeanWrapper; (245 bytes) @ 0x000002161cd95e04 [0x000002161cd957c0+0x0000000000000644]
J 28434 c1 org.springframework.beans.factory.support.AbstractAutowireCapableBeanFactory.doCreateBean(Ljava/lang/String;Lorg/springframework/beans/factory/support/RootBeanDefinition;[Ljava/lang/Object;)Ljava/lang/Object; (465 bytes) @ 0x000002161c97a6ac [0x000002161c97a500+0x00000000000001ac]
J 28439 c1 org.springframework.beans.factory.support.AbstractAutowireCapableBeanFactory.createBean(Ljava/lang/String;Lorg/springframework/beans/factory/support/RootBeanDefinition;[Ljava/lang/Object;)Ljava/lang/Object; (214 bytes) @ 0x000002161cd9772c [0x000002161cd97240+0x00000000000004ec]
J 28491 c1 org.springframework.beans.factory.support.AbstractBeanFactory$$Lambda+0x0000021628291d78.getObject()Ljava/lang/Object; (20 bytes) @ 0x000002161bf63abc [0x000002161bf63a20+0x000000000000009c]
J 28455 c1 org.springframework.beans.factory.support.DefaultSingletonBeanRegistry.getSingleton(Ljava/lang/String;Lorg/springframework/beans/factory/ObjectFactory;)Ljava/lang/Object; (1299 bytes) @ 0x000002161c10e834 [0x000002161c10d580+0x00000000000012b4]
J 25138 c1 org.springframework.beans.factory.support.AbstractBeanFactory.doGetBean(Ljava/lang/String;Ljava/lang/Class;[Ljava/lang/Object;Z)Ljava/lang/Object; (787 bytes) @ 0x000002161c8f180c [0x000002161c8f1180+0x000000000000068c]
J 28696 c1 org.springframework.beans.factory.support.DefaultListableBeanFactory.instantiateSingleton(Ljava/lang/String;)V (56 bytes) @ 0x000002161bb9a8f4 [0x000002161bb9a4a0+0x0000000000000454]
J 28695 c1 org.springframework.beans.factory.support.DefaultListableBeanFactory.preInstantiateSingleton(Ljava/lang/String;Lorg/springframework/beans/factory/support/RootBeanDefinition;)Ljava/util/concurrent/CompletableFuture; (165 bytes) @ 0x000002161bb9b4bc [0x000002161bb9b200+0x00000000000002bc]
j  org.springframework.beans.factory.support.DefaultListableBeanFactory.preInstantiateSingletons()V+123
j  org.springframework.context.support.AbstractApplicationContext.finishBeanFactoryInitialization(Lorg/springframework/beans/factory/config/ConfigurableListableBeanFactory;)V+284
j  org.springframework.context.support.AbstractApplicationContext.refresh()V+94
j  org.springframework.boot.web.servlet.context.ServletWebServerApplicationContext.refresh()V+1
j  org.springframework.boot.SpringApplication.refresh(Lorg/springframework/context/ConfigurableApplicationContext;)V+1
j  org.springframework.boot.SpringApplication.refreshContext(Lorg/springframework/context/ConfigurableApplicationContext;)V+19
j  org.springframework.boot.SpringApplication.run([Ljava/lang/String;)Lorg/springframework/context/ConfigurableApplicationContext;+113
j  org.springframework.boot.SpringApplication.run([Ljava/lang/Class;[Ljava/lang/String;)Lorg/springframework/context/ConfigurableApplicationContext;+9
j  org.springframework.boot.SpringApplication.run(Ljava/lang/Class;[Ljava/lang/String;)Lorg/springframework/context/ConfigurableApplicationContext;+9
j  nabi.comworker.WorkersMeetServiceApplication.main([Ljava/lang/String;)V+3
j  java.lang.invoke.LambdaForm$DMH+0x0000021628004c00.invokeStatic(Ljava/lang/Object;Ljava/lang/Object;)V+10 java.base@21.0.6
j  java.lang.invoke.LambdaForm$MH+0x0000021628bf8400.invoke(Ljava/lang/Object;Ljava/lang/Object;Ljava/lang/Object;)Ljava/lang/Object;+33 java.base@21.0.6
J 4043 c1 jdk.internal.reflect.DirectMethodHandleAccessor.invoke(Ljava/lang/Object;[Ljava/lang/Object;)Ljava/lang/Object; java.base@21.0.6 (92 bytes) @ 0x000002161c352504 [0x000002161c3521a0+0x0000000000000364]
J 22890 c1 java.lang.reflect.Method.invoke(Ljava/lang/Object;[Ljava/lang/Object;)Ljava/lang/Object; java.base@21.0.6 (108 bytes) @ 0x000002161bb267f4 [0x000002161bb26600+0x00000000000001f4]
j  org.springframework.boot.devtools.restart.RestartLauncher.run()V+47
v  ~StubRoutines::call_stub 0x000002161b5e100d

siginfo: EXCEPTION_ACCESS_VIOLATION (0xc0000005), reading address 0x000002164e72b56f


Registers:
RAX=0x0000000000000000, RBX=0x0000000000000000, RCX=0x0000002b006fd5f0, RDX=0x0000002b006fd5f0
RSP=0x0000002b7c5fe158, RBP=0x0000002b7c5fe330, RSI=0x0000002b7c5fe500, RDI=0x0000002b006fd5f0
R8 =0x000002164e72b567, R9 =0x0000002b006fd5f0, R10=0x000002161b5e0000, R11=0x0000002b7c5fe3a8
R12=0x00000216275427e8, R13=0x0000002b006fd5f0, R14=0x0000021676460390, R15=0x000002164e72b567
RIP=0x00007fff1988c4f6, EFLAGS=0x0000000000010202

XMM[0]=0x3b3b3b3b3b3b3b3b 0x3b3b3b3b3b3b3b3b
XMM[1]=0x0000000000000000 0x00000000000000ff
XMM[2]=0x0000000000000000 0x0000000000000000
XMM[3]=0x0000000000000000 0x40e845bb3eb115b7
XMM[4]=0x0000000000000000 0x0000000000000000
XMM[5]=0x0000000000000000 0x0000000000000000
XMM[6]=0x0000000000000000 0x0000000000000000
XMM[7]=0x0000000000000000 0x0000000000000000
XMM[8]=0x0000000000000000 0x0000000000000000
XMM[9]=0x0000000000000000 0x0000000000000000
XMM[10]=0x0000000000000000 0x0000000000000000
XMM[11]=0x0000000000000000 0x0000000000000000
XMM[12]=0x0000000000000000 0x0000000000000000
XMM[13]=0x0000000000000000 0x0000000000000000
XMM[14]=0x0000000000000000 0x0000000000000000
XMM[15]=0x0000000000000000 0x0000000000000000
  MXCSR=0x00001fa0


Register to memory mapping:

RAX=0x0 is null
RBX=0x0 is null
RCX=0x0000002b006fd5f0 is pointing into the stack for thread: 0x0000021676375930
RDX=0x0000002b006fd5f0 is pointing into the stack for thread: 0x0000021676375930
RSP=0x0000002b7c5fe158 points into unknown readable memory: 0x00007fff19bd7ddb | db 7d bd 19 ff 7f 00 00
RBP=0x0000002b7c5fe330 points into unknown readable memory: 0x0000021600000000 | 00 00 00 00 16 02 00 00
RSI=0x0000002b7c5fe500 points into unknown readable memory: 0x0000002b006fd5e8 | e8 d5 6f 00 2b 00 00 00
RDI=0x0000002b006fd5f0 is pointing into the stack for thread: 0x0000021676375930
R8 =0x000002164e72b567 is an unknown value
R9 =0x0000002b006fd5f0 is pointing into the stack for thread: 0x0000021676375930
R10=0x000002161b5e0000 points into unknown readable memory: 0x0000000000000006 | 06 00 00 00 00 00 00 00
R11=0x0000002b7c5fe3a8 points into unknown readable memory: 0x00007fff19b9466d | 6d 46 b9 19 ff 7f 00 00
R12=0x00000216275427e8 is pointing into metadata
R13=0x0000002b006fd5f0 is pointing into the stack for thread: 0x0000021676375930
R14=0x0000021676460390 points into unknown readable memory: 0x00007fff1a2abc18 | 18 bc 2a 1a ff 7f 00 00
R15=0x000002164e72b567 is an unknown value

Top of Stack: (sp=0x0000002b7c5fe158)
0x0000002b7c5fe158:   00007fff19bd7ddb 0000000000000000
0x0000002b7c5fe168:   0000000000000004 0000021676460390
0x0000002b7c5fe178:   0000000000000000 0000021676460518
0x0000002b7c5fe188:   00007fff19ba6595 0000021676422b88
0x0000002b7c5fe198:   00007fff1a017441 000000000000012f
0x0000002b7c5fe1a8:   00007fff19f3c1b2 0000021676422b28
0x0000002b7c5fe1b8:   0000000000000000 0000021617c6d970
0x0000002b7c5fe1c8:   0000021617c6d230 00000216275427e8
0x0000002b7c5fe1d8:   0000002b006fd5f0 0000002b7c5fe500
0x0000002b7c5fe1e8:   0000002b7c5fe330 0000021676422b28
0x0000002b7c5fe1f8:   00007fff19be63a4 0000002b7c5fe2c0
0x0000002b7c5fe208:   0000002b7c5fe500 0000021627480090
0x0000002b7c5fe218:   0000000000000000 0000021676422b28
0x0000002b7c5fe228:   00007fff19b94c1b 0000000000000001
0x0000002b7c5fe238:   00000216270b5bd0 0000021676422b28
0x0000002b7c5fe248:   0000002b7c5fe500 0000000f1bee8e01
0x0000002b7c5fe258:   00000216270b5bd0 00000216158456f0
0x0000002b7c5fe268:   0000021600000003 00000000000003d8
0x0000002b7c5fe278:   0000021617c6d240 0000021617c6d618
0x0000002b7c5fe288:   000002162772b567 00000216000000b8
0x0000002b7c5fe298:   00000216270b5bd0 00007fff1a2a3180
0x0000002b7c5fe2a8:   0000002b7c5fe500 0000021676422b28
0x0000002b7c5fe2b8:   0000000400000003 00000216275427e8
0x0000002b7c5fe2c8:   0000001300000001 0000000000000032
0x0000002b7c5fe2d8:   000000010000000c 0000021627480090
0x0000002b7c5fe2e8:   0000000000000000 000002161bee8e10
0x0000002b7c5fe2f8:   000085e66b404b5f 00007fff1a0db120
0x0000002b7c5fe308:   0000002b7c5fe390 00000000000003d8
0x0000002b7c5fe318:   0000021617c6d618 0000021627017358
0x0000002b7c5fe328:   000000061bee0013 0000021600000000
0x0000002b7c5fe338:   0000000000000015 0000021676422b28
0x0000002b7c5fe348:   00007fff19be63fe 0000000000000000 

Instructions: (pc=0x00007fff1988c4f6)
0x00007fff1988c3f6:   48 8b 05 73 f6 cc 00 48 8b 48 60 48 8b 04 d1 48
0x00007fff1988c406:   85 c0 75 08 48 8b 05 67 f6 cc 00 c3 48 8b 05 57
0x00007fff1988c416:   f6 cc 00 c3 cc cc cc cc cc cc 8b 05 92 cb c1 00
0x00007fff1988c426:   c3 cc cc cc cc cc cc cc cc cc 0f b6 05 e3 e1 c1
0x00007fff1988c436:   00 48 8b d1 84 c0 74 16 44 8b 41 08 8b 0d 70 cb
0x00007fff1988c446:   c1 00 49 d3 e0 4c 03 05 5e cb c1 00 eb 04 4c 8b
0x00007fff1988c456:   41 08 45 8b 48 08 45 85 c9 7e 0e 41 f6 c1 01 75
0x00007fff1988c466:   53 41 c1 f9 03 49 63 c1 c3 79 49 84 c0 41 b8 0c
0x00007fff1988c476:   00 00 00 8b 05 a9 dc c1 00 b9 10 00 00 00 41 0f
0x00007fff1988c486:   45 c8 ff c8 4c 63 c0 41 8b c1 48 c1 f8 10 0f b6
0x00007fff1988c496:   c0 48 63 14 11 41 8b c9 83 e1 3f 48 d3 e2 49 8d
0x00007fff1988c4a6:   0c 10 49 f7 d0 48 03 c1 49 c1 e8 03 48 c1 e8 03
0x00007fff1988c4b6:   49 23 c0 c3 49 8b 00 49 8b c8 48 ff a0 00 01 00
0x00007fff1988c4c6:   00 cc cc cc cc cc cc cc cc cc 8b 44 24 30 45 03
0x00007fff1988c4d6:   c9 44 2b 4c 24 28 83 c0 0b 44 03 ca 45 03 c8 41
0x00007fff1988c4e6:   03 c1 c3 cc cc cc cc cc cc cc 4c 8b c2 48 8b d1
0x00007fff1988c4f6:   45 8b 48 08 45 85 c9 7e 0e 41 f6 c1 01 75 56 41
0x00007fff1988c506:   c1 f9 03 49 63 c1 c3 79 4c 80 3d 04 e1 c1 00 00
0x00007fff1988c516:   b8 0c 00 00 00 b9 10 00 00 00 0f 45 c8 8b 05 ff
0x00007fff1988c526:   db c1 00 ff c8 4c 63 c0 41 8b c1 48 c1 f8 10 48
0x00007fff1988c536:   63 14 11 41 8b c9 83 e1 3f 0f b6 c0 48 d3 e2 49
0x00007fff1988c546:   8d 0c 10 49 f7 d0 48 03 c1 49 c1 e8 03 48 c1 e8
0x00007fff1988c556:   03 49 23 c0 c3 49 8b 00 49 8b c8 48 ff a0 00 01
0x00007fff1988c566:   00 00 cc cc cc cc cc cc cc cc 48 8b 41 08 0f b7
0x00007fff1988c576:   48 2c 0f b7 40 2a 83 c0 48 03 c1 c3 cc cc cc cc
0x00007fff1988c586:   cc cc cc cc cc cc cc cc cc cc 48 89 5c 24 08 57
0x00007fff1988c596:   48 83 ec 20 0f b6 05 1f de cc 00 48 8b fa 48 8b
0x00007fff1988c5a6:   d9 84 c0 74 4f 48 85 15 b6 d5 cc 00 74 38 48 8b
0x00007fff1988c5b6:   ca e8 94 d4 8c 00 48 8b d0 48 85 db 74 25 48 85
0x00007fff1988c5c6:   c0 74 20 48 8b c7 f0 48 0f b1 13 74 16 48 85 05
0x00007fff1988c5d6:   8e d5 cc 00 74 0d 48 8b c8 f0 48 0f b1 13 48 3b
0x00007fff1988c5e6:   c1 75 ea 48 8b fa 48 8b c7 48 8b 5c 24 30 48 83 


Stack slot to memory mapping:

stack at sp + 0 slots: 0x00007fff19bd7ddb jvm.dll
stack at sp + 1 slots: 0x0 is null
stack at sp + 2 slots: 0x0000000000000004 is an unknown value
stack at sp + 3 slots: 0x0000021676460390 points into unknown readable memory: 0x00007fff1a2abc18 | 18 bc 2a 1a ff 7f 00 00
stack at sp + 4 slots: 0x0 is null
stack at sp + 5 slots: 0x0000021676460518 points into unknown readable memory: 0x00007fff1a2abbd0 | d0 bb 2a 1a ff 7f 00 00
stack at sp + 6 slots: 0x00007fff19ba6595 jvm.dll
stack at sp + 7 slots: 0x0000021676422b88 points into unknown readable memory: 0x00007fff1a2ad920 | 20 d9 2a 1a ff 7f 00 00


---------------  P R O C E S S  ---------------

Threads class SMR info:
_java_thread_list=0x0000021617cfd3b0, length=30, elements={
0x0000021625fc2810, 0x0000021625fc3260, 0x0000021625fc9d00, 0x0000021625fccbc0,
0x0000021625fcd610, 0x0000021625fce2c0, 0x0000021626b940a0, 0x0000021626c8a7f0,
0x0000021626d2e040, 0x0000021626d326e0, 0x0000021626d33160, 0x0000021626f8d040,
0x000002166c761e30, 0x000002166c768660, 0x000002166c7dcc40, 0x000002166cc19cd0,
0x000002166cc1e300, 0x000002166cc3ba40, 0x000002166f846b90, 0x000002166f84b3c0,
0x000002166f847220, 0x0000021676372b40, 0x000002166f8485d0, 0x000002166cc3c0d0,
0x0000021676379440, 0x0000021676375930, 0x00000216763731d0, 0x0000021676373ef0,
0x00000216763752a0, 0x0000021676376ce0
}

Java Threads: ( => current thread )
  0x0000021625fc2810 JavaThread "Reference Handler"          daemon [_thread_blocked, id=5160, stack(0x0000002b7cc00000,0x0000002b7cd00000) (1024K)]
  0x0000021625fc3260 JavaThread "Finalizer"                  daemon [_thread_blocked, id=28180, stack(0x0000002b7cd00000,0x0000002b7ce00000) (1024K)]
  0x0000021625fc9d00 JavaThread "Signal Dispatcher"          daemon [_thread_blocked, id=24024, stack(0x0000002b7ce00000,0x0000002b7cf00000) (1024K)]
  0x0000021625fccbc0 JavaThread "Attach Listener"            daemon [_thread_blocked, id=34148, stack(0x0000002b7cf00000,0x0000002b7d000000) (1024K)]
  0x0000021625fcd610 JavaThread "Service Thread"             daemon [_thread_blocked, id=22244, stack(0x0000002b7d000000,0x0000002b7d100000) (1024K)]
  0x0000021625fce2c0 JavaThread "Monitor Deflation Thread"   daemon [_thread_blocked, id=34636, stack(0x0000002b7d100000,0x0000002b7d200000) (1024K)]
  0x0000021626b940a0 JavaThread "C1 CompilerThread0"         daemon [_thread_blocked, id=15284, stack(0x0000002b7d200000,0x0000002b7d300000) (1024K)]
  0x0000021626c8a7f0 JavaThread "Common-Cleaner"             daemon [_thread_blocked, id=31392, stack(0x0000002b7d300000,0x0000002b7d400000) (1024K)]
  0x0000021626d2e040 JavaThread "JDWP Transport Listener: dt_socket" daemon [_thread_blocked, id=30196, stack(0x0000002b7d600000,0x0000002b7d700000) (1024K)]
  0x0000021626d326e0 JavaThread "JDWP Event Helper Thread"   daemon [_thread_blocked, id=30968, stack(0x0000002b7d700000,0x0000002b7d800000) (1024K)]
  0x0000021626d33160 JavaThread "JDWP Command Reader"        daemon [_thread_in_native, id=31784, stack(0x0000002b7d800000,0x0000002b7d900000) (1024K)]
  0x0000021626f8d040 JavaThread "Notification Thread"        daemon [_thread_blocked, id=34092, stack(0x0000002b7d900000,0x0000002b7da00000) (1024K)]
  0x000002166c761e30 JavaThread "RMI TCP Accept-0"           daemon [_thread_in_native, id=21960, stack(0x0000002b7e400000,0x0000002b7e500000) (1024K)]
  0x000002166c768660 JavaThread "RMI TCP Accept-62963"       daemon [_thread_in_native, id=25772, stack(0x0000002b7e500000,0x0000002b7e600000) (1024K)]
  0x000002166c7dcc40 JavaThread "RMI TCP Accept-0"           daemon [_thread_in_native, id=3076, stack(0x0000002b7e600000,0x0000002b7e700000) (1024K)]
  0x000002166cc19cd0 JavaThread "RMI Scheduler(0)"           daemon [_thread_blocked, id=33128, stack(0x0000002b7ee00000,0x0000002b7ef00000) (1024K)]
  0x000002166cc1e300 JavaThread "RMI TCP Connection(idle)"   daemon [_thread_blocked, id=5976, stack(0x0000002b7ef00000,0x0000002b7f000000) (1024K)]
  0x000002166cc3ba40 JavaThread "mysql-cj-abandoned-connection-cleanup" daemon [_thread_blocked, id=4604, stack(0x0000002b7fc00000,0x0000002b7fd00000) (1024K)]
  0x000002166f846b90 JavaThread "Live Reload Server"         daemon [_thread_in_native, id=26896, stack(0x0000002b00200000,0x0000002b00300000) (1024K)]
  0x000002166f84b3c0 JavaThread "DestroyJavaVM"                     [_thread_blocked, id=18884, stack(0x0000002b7c400000,0x0000002b7c500000) (1024K)]
  0x000002166f847220 JavaThread "Java2D Disposer"            daemon [_thread_blocked, id=22496, stack(0x0000002b00000000,0x0000002b00100000) (1024K)]
  0x0000021676372b40 JavaThread "File Watcher"               daemon [_thread_blocked, id=30124, stack(0x0000002b00300000,0x0000002b00400000) (1024K)]
  0x000002166f8485d0 JavaThread "File Watcher"               daemon [_thread_blocked, id=5140, stack(0x0000002b00400000,0x0000002b00500000) (1024K)]
  0x000002166cc3c0d0 JavaThread "JMX server connection timeout 1388" daemon [_thread_blocked, id=1752, stack(0x0000002b00500000,0x0000002b00600000) (1024K)]
  0x0000021676379440 JavaThread "Thread-197"                        [_thread_blocked, id=44628, stack(0x0000002b00100000,0x0000002b00200000) (1024K)]
  0x0000021676375930 JavaThread "restartedMain"                     [_thread_blocked, id=39868, stack(0x0000002b00600000,0x0000002b00700000) (1024K)]
  0x00000216763731d0 JavaThread "Catalina-utility-1"                [_thread_blocked, id=25384, stack(0x0000002b00d00000,0x0000002b00e00000) (1024K)]
  0x0000021676373ef0 JavaThread "Catalina-utility-2"                [_thread_blocked, id=24072, stack(0x0000002b00e00000,0x0000002b00f00000) (1024K)]
  0x00000216763752a0 JavaThread "container-2"                       [_thread_blocked, id=23880, stack(0x0000002b00f00000,0x0000002b01000000) (1024K)]
  0x0000021676376ce0 JavaThread "HikariPool-51:housekeeper"  daemon [_thread_blocked, id=39736, stack(0x0000002b01000000,0x0000002b01100000) (1024K)]
Total: 30

Other Threads:
  0x0000021615845a90 VMThread "VM Thread"                           [id=27396, stack(0x0000002b7cb00000,0x0000002b7cc00000) (1024K)]
  0x0000021625f95150 WatcherThread "VM Periodic Task Thread"        [id=26496, stack(0x0000002b7ca00000,0x0000002b7cb00000) (1024K)]
=>0x00000216158456f0 WorkerThread "GC Thread#0"                     [id=4280, stack(0x0000002b7c500000,0x0000002b7c600000) (1024K)]
  0x0000021615845350 WorkerThread "GC Thread#1"                     [id=19800, stack(0x0000002b7dc00000,0x0000002b7dd00000) (1024K)]
  0x000002166c72b480 WorkerThread "GC Thread#2"                     [id=20344, stack(0x0000002b7dd00000,0x0000002b7de00000) (1024K)]
  0x000002166c729ec0 WorkerThread "GC Thread#3"                     [id=33340, stack(0x0000002b7de00000,0x0000002b7df00000) (1024K)]
  0x000002166c729780 WorkerThread "GC Thread#4"                     [id=32280, stack(0x0000002b7df00000,0x0000002b7e000000) (1024K)]
  0x000002166c72bf60 WorkerThread "GC Thread#5"                     [id=6384, stack(0x0000002b7e000000,0x0000002b7e100000) (1024K)]
  0x000002166c72c300 WorkerThread "GC Thread#6"                     [id=28700, stack(0x0000002b7e100000,0x0000002b7e200000) (1024K)]
  0x000002166c729b20 WorkerThread "GC Thread#7"                     [id=21796, stack(0x0000002b7e200000,0x0000002b7e300000) (1024K)]
  0x000002166c72a260 WorkerThread "GC Thread#8"                     [id=9304, stack(0x0000002b7e300000,0x0000002b7e400000) (1024K)]
  0x000002166c72a600 WorkerThread "GC Thread#9"                     [id=31548, stack(0x0000002b7e700000,0x0000002b7e800000) (1024K)]
  0x000002166c72a9a0 WorkerThread "GC Thread#10"                    [id=34292, stack(0x0000002b7e800000,0x0000002b7e900000) (1024K)]
  0x000002166c72ad40 WorkerThread "GC Thread#11"                    [id=30144, stack(0x0000002b7e900000,0x0000002b7ea00000) (1024K)]
  0x000002166c729040 WorkerThread "GC Thread#12"                    [id=6540, stack(0x0000002b7ea00000,0x0000002b7eb00000) (1024K)]
  0x0000021617cd7800 ConcurrentGCThread "G1 Main Marker"            [id=26600, stack(0x0000002b7c600000,0x0000002b7c700000) (1024K)]
  0x0000021615846910 WorkerThread "G1 Conc#0"                       [id=20944, stack(0x0000002b7c700000,0x0000002b7c800000) (1024K)]
  0x000002166c728ca0 WorkerThread "G1 Conc#1"                       [id=32372, stack(0x0000002b7f100000,0x0000002b7f200000) (1024K)]
  0x000002166c72b0e0 WorkerThread "G1 Conc#2"                       [id=32316, stack(0x0000002b7f200000,0x0000002b7f300000) (1024K)]
  0x0000021625e5e830 ConcurrentGCThread "G1 Refine#0"               [id=33304, stack(0x0000002b7c800000,0x0000002b7c900000) (1024K)]
  0x0000021625e5f1b0 ConcurrentGCThread "G1 Service"                [id=27140, stack(0x0000002b7c900000,0x0000002b7ca00000) (1024K)]
Total: 21

Threads with active compile tasks:
Total: 0

VM state: at safepoint (normal execution)

VM Mutex/Monitor currently owned by a thread:  ([mutex/lock_event])
[0x00007fff1a52e380] Threads_lock - owner thread: 0x0000021615845a90
[0x00007fff1a52e480] Heap_lock - owner thread: 0x0000021676372b40

OutOfMemory and StackOverflow Exception counts:
StackOverflowErrors=1
LinkageErrors=507

Heap address: 0x0000000704c00000, size: 4020 MB, Compressed Oops mode: Zero based, Oop shift amount: 3

CDS archive(s) mapped at: [0x0000021627000000-0x0000021627c80000-0x0000021627c80000), size 13107200, SharedBaseAddress: 0x0000021627000000, ArchiveRelocationMode: 1.
Compressed class space mapped at: 0x0000021628000000-0x0000021668000000, reserved size: 1073741824
Narrow klass base: 0x0000021627000000, Narrow klass shift: 0, Narrow klass range: 0x100000000

GC Precious Log:
 CardTable entry size: 512
 Card Set container configuration: InlinePtr #cards 4 size 8 Array Of Cards #cards 16 size 48 Howl #buckets 8 coarsen threshold 3686 Howl Bitmap #cards 512 size 80 coarsen threshold 460 Card regions per heap region 1 cards per card region 4096
 CPUs: 16 total, 16 available
 Memory: 16076M
 Large Page Support: Disabled
 NUMA Support: Disabled
 Compressed Oops: Enabled (Zero based)
 Heap Region Size: 2M
 Heap Min Capacity: 8M
 Heap Initial Capacity: 252M
 Heap Max Capacity: 4020M
 Pre-touch: Disabled
 Parallel Workers: 13
 Concurrent Workers: 3
 Concurrent Refinement Workers: 13
 Periodic GC: Disabled

Heap:
 garbage-first heap   total 122880K, used 97849K [0x0000000704c00000, 0x0000000800000000)
  region size 2048K, 33 young (67584K), 3 survivors (6144K)
 Metaspace       used 94382K, committed 95552K, reserved 1179648K
  class space    used 12529K, committed 13120K, reserved 1048576K

Heap Regions: E=young(eden), S=young(survivor), O=old, HS=humongous(starts), HC=humongous(continues), CS=collection set, F=free, TAMS=top-at-mark-start, PB=parsable bottom
|   0|0x0000000704c00000, 0x0000000704e00000, 0x0000000704e00000|100%| O|  |TAMS 0x0000000704c00000| PB 0x0000000704c00000| Untracked 
|   1|0x0000000704e00000, 0x0000000704ffffd8, 0x0000000705000000| 99%| O|  |TAMS 0x0000000704e00000| PB 0x0000000704e00000| Untracked 
|   2|0x0000000705000000, 0x00000007051ffff0, 0x0000000705200000| 99%| O|  |TAMS 0x0000000705000000| PB 0x0000000705000000| Untracked 
|   3|0x0000000705200000, 0x0000000705400000, 0x0000000705400000|100%| O|  |TAMS 0x0000000705200000| PB 0x0000000705200000| Untracked 
|   4|0x0000000705400000, 0x00000007055fffb8, 0x0000000705600000| 99%| O|  |TAMS 0x0000000705400000| PB 0x0000000705400000| Untracked 
|   5|0x0000000705600000, 0x00000007057fffd8, 0x0000000705800000| 99%| O|  |TAMS 0x0000000705600000| PB 0x0000000705600000| Untracked 
|   6|0x0000000705800000, 0x00000007059fffd8, 0x0000000705a00000| 99%| O|  |TAMS 0x0000000705800000| PB 0x0000000705800000| Untracked 
|   7|0x0000000705a00000, 0x0000000705bfffa0, 0x0000000705c00000| 99%| O|  |TAMS 0x0000000705a00000| PB 0x0000000705a00000| Untracked 
|   8|0x0000000705c00000, 0x0000000705dfffe8, 0x0000000705e00000| 99%| O|  |TAMS 0x0000000705c00000| PB 0x0000000705c00000| Untracked 
|   9|0x0000000705e00000, 0x0000000706000000, 0x0000000706000000|100%| O|  |TAMS 0x0000000705e00000| PB 0x0000000705e00000| Untracked 
|  10|0x0000000706000000, 0x00000007061fffd8, 0x0000000706200000| 99%| O|  |TAMS 0x0000000706000000| PB 0x0000000706000000| Untracked 
|  11|0x0000000706200000, 0x0000000706344700, 0x0000000706400000| 63%| O|  |TAMS 0x0000000706200000| PB 0x0000000706200000| Untracked 
|  12|0x0000000706400000, 0x00000007065fffc8, 0x0000000706600000| 99%| O|  |TAMS 0x0000000706400000| PB 0x0000000706400000| Untracked 
|  13|0x0000000706600000, 0x00000007067fffe8, 0x0000000706800000| 99%| O|  |TAMS 0x0000000706600000| PB 0x0000000706600000| Untracked 
|  14|0x0000000706800000, 0x00000007068f7998, 0x0000000706a00000| 48%| O|  |TAMS 0x0000000706800000| PB 0x0000000706800000| Untracked 
|  15|0x0000000706a00000, 0x0000000706a6ce18, 0x0000000706c00000| 21%| O|  |TAMS 0x0000000706a00000| PB 0x0000000706a00000| Untracked 
|  16|0x0000000706c00000, 0x0000000706cfa0c8, 0x0000000706e00000| 48%| O|  |TAMS 0x0000000706c00000| PB 0x0000000706c00000| Untracked 
|  17|0x0000000706e00000, 0x0000000706e00000, 0x0000000707000000|  0%| F|  |TAMS 0x0000000706e00000| PB 0x0000000706e00000| Untracked 
|  18|0x0000000707000000, 0x0000000707037b80, 0x0000000707200000| 10%| O|Cm|TAMS 0x0000000707000000| PB 0x0000000707000000| Complete 
|  19|0x0000000707200000, 0x0000000707312ab0, 0x0000000707400000| 53%| O|  |TAMS 0x0000000707200000| PB 0x0000000707200000| Untracked 
|  20|0x0000000707400000, 0x0000000707400000, 0x0000000707600000|  0%| F|  |TAMS 0x0000000707400000| PB 0x0000000707400000| Untracked 
|  21|0x0000000707600000, 0x0000000707600000, 0x0000000707800000|  0%| F|  |TAMS 0x0000000707600000| PB 0x0000000707600000| Untracked 
|  22|0x0000000707800000, 0x0000000707800000, 0x0000000707a00000|  0%| F|  |TAMS 0x0000000707800000| PB 0x0000000707800000| Untracked 
|  23|0x0000000707a00000, 0x0000000707a00000, 0x0000000707c00000|  0%| F|  |TAMS 0x0000000707a00000| PB 0x0000000707a00000| Untracked 
|  24|0x0000000707c00000, 0x0000000707dc7830, 0x0000000707e00000| 88%| S|  |TAMS 0x0000000707c00000| PB 0x0000000707c00000| Complete 
|  25|0x0000000707e00000, 0x0000000708000000, 0x0000000708000000|100%| S|  |TAMS 0x0000000707e00000| PB 0x0000000707e00000| Complete 
|  26|0x0000000708000000, 0x0000000708200000, 0x0000000708200000|100%| S|  |TAMS 0x0000000708000000| PB 0x0000000708000000| Complete 
|  27|0x0000000708200000, 0x0000000708400000, 0x0000000708400000|100%| E|CS|TAMS 0x0000000708200000| PB 0x0000000708200000| Complete 
|  28|0x0000000708400000, 0x0000000708600000, 0x0000000708600000|100%| E|CS|TAMS 0x0000000708400000| PB 0x0000000708400000| Complete 
|  29|0x0000000708600000, 0x0000000708800000, 0x0000000708800000|100%| E|CS|TAMS 0x0000000708600000| PB 0x0000000708600000| Complete 
|  30|0x0000000708800000, 0x0000000708a00000, 0x0000000708a00000|100%| E|CS|TAMS 0x0000000708800000| PB 0x0000000708800000| Complete 
|  31|0x0000000708a00000, 0x0000000708c00000, 0x0000000708c00000|100%| E|CS|TAMS 0x0000000708a00000| PB 0x0000000708a00000| Complete 
|  32|0x0000000708c00000, 0x0000000708e00000, 0x0000000708e00000|100%| E|CS|TAMS 0x0000000708c00000| PB 0x0000000708c00000| Complete 
|  33|0x0000000708e00000, 0x0000000708ea13b0, 0x0000000709000000| 31%| E|CS|TAMS 0x0000000708e00000| PB 0x0000000708e00000| Complete 
|  34|0x0000000709000000, 0x0000000709200000, 0x0000000709200000|100%| E|CS|TAMS 0x0000000709000000| PB 0x0000000709000000| Complete 
|  35|0x0000000709200000, 0x0000000709400000, 0x0000000709400000|100%| E|CS|TAMS 0x0000000709200000| PB 0x0000000709200000| Complete 
|  36|0x0000000709400000, 0x0000000709600000, 0x0000000709600000|100%| E|CS|TAMS 0x0000000709400000| PB 0x0000000709400000| Complete 
|  37|0x0000000709600000, 0x0000000709800000, 0x0000000709800000|100%| E|CS|TAMS 0x0000000709600000| PB 0x0000000709600000| Complete 
|  38|0x0000000709800000, 0x0000000709a00000, 0x0000000709a00000|100%| E|CS|TAMS 0x0000000709800000| PB 0x0000000709800000| Complete 
|  39|0x0000000709a00000, 0x0000000709c00000, 0x0000000709c00000|100%| E|CS|TAMS 0x0000000709a00000| PB 0x0000000709a00000| Complete 
|  40|0x0000000709c00000, 0x0000000709e00000, 0x0000000709e00000|100%| E|CS|TAMS 0x0000000709c00000| PB 0x0000000709c00000| Complete 
|  41|0x0000000709e00000, 0x000000070a000000, 0x000000070a000000|100%| E|CS|TAMS 0x0000000709e00000| PB 0x0000000709e00000| Complete 
|  42|0x000000070a000000, 0x000000070a200000, 0x000000070a200000|100%| E|CS|TAMS 0x000000070a000000| PB 0x000000070a000000| Complete 
|  43|0x000000070a200000, 0x000000070a400000, 0x000000070a400000|100%| E|CS|TAMS 0x000000070a200000| PB 0x000000070a200000| Complete 
|  44|0x000000070a400000, 0x000000070a600000, 0x000000070a600000|100%| E|CS|TAMS 0x000000070a400000| PB 0x000000070a400000| Complete 
|  45|0x000000070a600000, 0x000000070a800000, 0x000000070a800000|100%| E|CS|TAMS 0x000000070a600000| PB 0x000000070a600000| Complete 
|  46|0x000000070a800000, 0x000000070aa00000, 0x000000070aa00000|100%| E|CS|TAMS 0x000000070a800000| PB 0x000000070a800000| Complete 
|  47|0x000000070aa00000, 0x000000070ac00000, 0x000000070ac00000|100%| E|CS|TAMS 0x000000070aa00000| PB 0x000000070aa00000| Complete 
|  48|0x000000070ac00000, 0x000000070ae00000, 0x000000070ae00000|100%| E|CS|TAMS 0x000000070ac00000| PB 0x000000070ac00000| Complete 
|  49|0x000000070ae00000, 0x000000070b000000, 0x000000070b000000|100%| E|CS|TAMS 0x000000070ae00000| PB 0x000000070ae00000| Complete 
|  50|0x000000070b000000, 0x000000070b200000, 0x000000070b200000|100%| E|CS|TAMS 0x000000070b000000| PB 0x000000070b000000| Complete 
|  51|0x000000070b200000, 0x000000070b400000, 0x000000070b400000|100%| E|CS|TAMS 0x000000070b200000| PB 0x000000070b200000| Complete 
|  52|0x000000070b400000, 0x000000070b600000, 0x000000070b600000|100%| E|CS|TAMS 0x000000070b400000| PB 0x000000070b400000| Complete 
|  53|0x000000070b600000, 0x000000070b800000, 0x000000070b800000|100%| E|CS|TAMS 0x000000070b600000| PB 0x000000070b600000| Complete 
|  54|0x000000070b800000, 0x000000070ba00000, 0x000000070ba00000|100%| E|CS|TAMS 0x000000070b800000| PB 0x000000070b800000| Complete 
|  55|0x000000070ba00000, 0x000000070bc00000, 0x000000070bc00000|100%| E|CS|TAMS 0x000000070ba00000| PB 0x000000070ba00000| Complete 
|  56|0x000000070bc00000, 0x000000070be00000, 0x000000070be00000|100%| E|CS|TAMS 0x000000070bc00000| PB 0x000000070bc00000| Complete 
|  57|0x000000070be00000, 0x000000070c000000, 0x000000070c000000|100%| E|CS|TAMS 0x000000070be00000| PB 0x000000070be00000| Complete 
|  70|0x000000070d800000, 0x000000070da00000, 0x000000070da00000|100%| E|CS|TAMS 0x000000070d800000| PB 0x000000070d800000| Complete 
|2009|0x00000007ffe00000, 0x0000000800000000, 0x0000000800000000|100%| E|CS|TAMS 0x00000007ffe00000| PB 0x00000007ffe00000| Complete 

Card table byte_map: [0x000002161f430000,0x000002161fc10000] _byte_map_base: 0x000002161bc0a000

Marking Bits: (CMBitMap*) 0x0000021617cc73e0
 Bits: [0x000002161fc10000, 0x0000021623ae0000)

Polling page: 0x0000021617270000

Metaspace:

Usage:
  Non-class:     79.93 MB used.
      Class:     12.24 MB used.
       Both:     92.17 MB used.

Virtual space:
  Non-class space:      128.00 MB reserved,      80.50 MB ( 63%) committed,  2 nodes.
      Class space:        1.00 GB reserved,      12.81 MB (  1%) committed,  1 nodes.
             Both:        1.12 GB reserved,      93.31 MB (  8%) committed. 

Chunk freelists:
   Non-Class:  14.61 MB
       Class:  3.29 MB
        Both:  17.90 MB

MaxMetaspaceSize: unlimited
CompressedClassSpaceSize: 1.00 GB
Initial GC threshold: 21.00 MB
Current GC threshold: 155.75 MB
CDS: on
 - commit_granule_bytes: 65536.
 - commit_granule_words: 8192.
 - virtual_space_node_default_size: 8388608.
 - enlarge_chunks_in_place: 1.
 - use_allocation_guard: 0.


Internal statistics:

num_allocs_failed_limit: 9.
num_arena_births: 4266.
num_arena_deaths: 3028.
num_vsnodes_births: 3.
num_vsnodes_deaths: 0.
num_space_committed: 1595.
num_space_uncommitted: 69.
num_chunks_returned_to_freelist: 5478.
num_chunks_taken_from_freelist: 11075.
num_chunk_merges: 751.
num_chunk_splits: 4730.
num_chunks_enlarged: 3090.
num_inconsistent_stats: 0.

CodeCache: size=49152Kb used=20902Kb max_used=37384Kb free=28249Kb
 bounds [0x000002161b5e0000, 0x000002161db00000, 0x000002161e5e0000]
 total_blobs=10450 nmethods=9555 adapters=818
 compilation: enabled
              stopped_count=0, restarted_count=0
 full_count=0

Compilation events (20 events):
Event: 49312.069 Thread 0x000002166f5e3e40 nmethod 30125 0x000002161caa0d10 code [0x000002161caa0f80, 0x000002161caa1610]
Event: 49312.069 Thread 0x000002166c685710 nmethod 30131 0x000002161caa0510 code [0x000002161caa06e0, 0x000002161caa0a20]
Event: 49312.073 Thread 0x000002166f5e5980 30132   !   1       jdk.proxy2.$Proxy150::annotationType (29 bytes)
Event: 49312.073 Thread 0x000002166f5e5980 nmethod 30132 0x000002161ca9ff10 code [0x000002161caa00e0, 0x000002161caa0350]
Event: 49458.462 Thread 0x0000021626b940a0 30133 % !   1       org.springframework.boot.devtools.filewatch.FileSystemWatcher$Watcher::run @ 8 (55 bytes)
Event: 49458.463 Thread 0x0000021626b940a0 nmethod 30133% 0x000002161ca9f890 code [0x000002161ca9fa60, 0x000002161ca9fcb8]
Event: 49533.134 Thread 0x0000021626b940a0 30134       1       java.io.ClassCache$1::computeValue (6 bytes)
Event: 49533.135 Thread 0x0000021626b940a0 nmethod 30134 0x000002161ca9f190 code [0x000002161ca9f360, 0x000002161ca9f6f8]
Event: 49533.135 Thread 0x0000021626b940a0 30135       1       java.io.ClassCache$1::computeValue (31 bytes)
Event: 49533.135 Thread 0x0000021626b940a0 nmethod 30135 0x000002161ca9ea10 code [0x000002161ca9ebe0, 0x000002161ca9f000]
Event: 49533.141 Thread 0x0000021626b940a0 30136       1       java.io.ClassCache$CacheRef::<init> (17 bytes)
Event: 49533.141 Thread 0x0000021626b940a0 nmethod 30136 0x000002161ca9e510 code [0x000002161ca9e6c0, 0x000002161ca9e938]
Event: 49533.141 Thread 0x0000021626b940a0 30137       1       java.io.ObjectStreamField::getName (5 bytes)
Event: 49533.141 Thread 0x0000021626b940a0 nmethod 30137 0x000002161ca9e190 code [0x000002161ca9e320, 0x000002161ca9e3f0]
Event: 49533.143 Thread 0x0000021626b940a0 30138       1       java.io.ObjectStreamField::isPrimitive (23 bytes)
Event: 49533.143 Thread 0x0000021626b940a0 nmethod 30138 0x000002161ca07a10 code [0x000002161ca07bc0, 0x000002161ca07df0]
Event: 49547.954 Thread 0x0000021626b940a0 30139       1       java.lang.System$2::getUTF16Char (6 bytes)
Event: 49547.954 Thread 0x0000021626b940a0 nmethod 30139 0x000002161ca07710 code [0x000002161ca078a0, 0x000002161ca07978]
Event: 49547.954 Thread 0x0000021626b940a0 30140       1       java.lang.StringUTF16::getChar (60 bytes)
Event: 49547.954 Thread 0x0000021626b940a0 nmethod 30140 0x000002161ca07390 code [0x000002161ca07520, 0x000002161ca07638]

GC Heap History (20 events):
Event: 46812.245 GC heap after
{Heap after GC invocations=191 (full 46):
 garbage-first heap   total 147456K, used 34025K [0x0000000704c00000, 0x0000000800000000)
  region size 2048K, 1 young (2048K), 1 survivors (2048K)
 Metaspace       used 93529K, committed 94976K, reserved 1179648K
  class space    used 12445K, committed 13056K, reserved 1048576K
}
Event: 47389.821 GC heap before
{Heap before GC invocations=191 (full 46):
 garbage-first heap   total 147456K, used 120041K [0x0000000704c00000, 0x0000000800000000)
  region size 2048K, 43 young (88064K), 1 survivors (2048K)
 Metaspace       used 93529K, committed 94976K, reserved 1179648K
  class space    used 12445K, committed 13056K, reserved 1048576K
}
Event: 47389.830 GC heap after
{Heap after GC invocations=192 (full 46):
 garbage-first heap   total 147456K, used 33776K [0x0000000704c00000, 0x0000000800000000)
  region size 2048K, 1 young (2048K), 1 survivors (2048K)
 Metaspace       used 93529K, committed 94976K, reserved 1179648K
  class space    used 12445K, committed 13056K, reserved 1048576K
}
Event: 47862.043 GC heap before
{Heap before GC invocations=193 (full 46):
 garbage-first heap   total 122880K, used 105456K [0x0000000704c00000, 0x0000000800000000)
  region size 2048K, 36 young (73728K), 1 survivors (2048K)
 Metaspace       used 93531K, committed 94976K, reserved 1179648K
  class space    used 12446K, committed 13056K, reserved 1048576K
}
Event: 47862.060 GC heap after
{Heap after GC invocations=194 (full 46):
 garbage-first heap   total 122880K, used 33895K [0x0000000704c00000, 0x0000000800000000)
  region size 2048K, 1 young (2048K), 1 survivors (2048K)
 Metaspace       used 93531K, committed 94976K, reserved 1179648K
  class space    used 12446K, committed 13056K, reserved 1048576K
}
Event: 48324.226 GC heap before
{Heap before GC invocations=194 (full 46):
 garbage-first heap   total 122880K, used 105575K [0x0000000704c00000, 0x0000000800000000)
  region size 2048K, 36 young (73728K), 1 survivors (2048K)
 Metaspace       used 93531K, committed 94976K, reserved 1179648K
  class space    used 12446K, committed 13056K, reserved 1048576K
}
Event: 48324.256 GC heap after
{Heap after GC invocations=195 (full 46):
 garbage-first heap   total 122880K, used 33975K [0x0000000704c00000, 0x0000000800000000)
  region size 2048K, 1 young (2048K), 1 survivors (2048K)
 Metaspace       used 93531K, committed 94976K, reserved 1179648K
  class space    used 12446K, committed 13056K, reserved 1048576K
}
Event: 48810.009 GC heap before
{Heap before GC invocations=195 (full 46):
 garbage-first heap   total 122880K, used 105655K [0x0000000704c00000, 0x0000000800000000)
  region size 2048K, 36 young (73728K), 1 survivors (2048K)
 Metaspace       used 93531K, committed 94976K, reserved 1179648K
  class space    used 12446K, committed 13056K, reserved 1048576K
}
Event: 48810.051 GC heap after
{Heap after GC invocations=196 (full 46):
 garbage-first heap   total 122880K, used 33910K [0x0000000704c00000, 0x0000000800000000)
  region size 2048K, 1 young (2048K), 1 survivors (2048K)
 Metaspace       used 93531K, committed 94976K, reserved 1179648K
  class space    used 12446K, committed 13056K, reserved 1048576K
}
Event: 49246.316 GC heap before
{Heap before GC invocations=197 (full 46):
 garbage-first heap   total 122880K, used 99446K [0x0000000704c00000, 0x0000000800000000)
  region size 2048K, 34 young (69632K), 1 survivors (2048K)
 Metaspace       used 93527K, committed 94976K, reserved 1179648K
  class space    used 12446K, committed 13056K, reserved 1048576K
}
Event: 49246.365 GC heap after
{Heap after GC invocations=198 (full 47):
 garbage-first heap   total 122880K, used 29223K [0x0000000704c00000, 0x0000000800000000)
  region size 2048K, 0 young (0K), 0 survivors (0K)
 Metaspace       used 93465K, committed 94976K, reserved 1179648K
  class space    used 12433K, committed 13056K, reserved 1048576K
}
Event: 49247.343 GC heap before
{Heap before GC invocations=198 (full 47):
 garbage-first heap   total 122880K, used 66087K [0x0000000704c00000, 0x0000000800000000)
  region size 2048K, 20 young (40960K), 0 survivors (0K)
 Metaspace       used 93671K, committed 94976K, reserved 1179648K
  class space    used 12470K, committed 13056K, reserved 1048576K
}
Event: 49247.346 GC heap after
{Heap after GC invocations=199 (full 47):
 garbage-first heap   total 122880K, used 33747K [0x0000000704c00000, 0x0000000800000000)
  region size 2048K, 3 young (6144K), 3 survivors (6144K)
 Metaspace       used 93671K, committed 94976K, reserved 1179648K
  class space    used 12470K, committed 13056K, reserved 1048576K
}
Event: 49248.120 GC heap before
{Heap before GC invocations=200 (full 47):
 garbage-first heap   total 122880K, used 82899K [0x0000000704c00000, 0x0000000800000000)
  region size 2048K, 28 young (57344K), 3 survivors (6144K)
 Metaspace       used 94173K, committed 95296K, reserved 1179648K
  class space    used 12534K, committed 13056K, reserved 1048576K
}
Event: 49248.124 GC heap after
{Heap after GC invocations=201 (full 47):
 garbage-first heap   total 122880K, used 39084K [0x0000000704c00000, 0x0000000800000000)
  region size 2048K, 5 young (10240K), 5 survivors (10240K)
 Metaspace       used 94173K, committed 95296K, reserved 1179648K
  class space    used 12534K, committed 13056K, reserved 1048576K
}
Event: 49310.775 GC heap before
{Heap before GC invocations=202 (full 47):
 garbage-first heap   total 122880K, used 51372K [0x0000000704c00000, 0x0000000800000000)
  region size 2048K, 12 young (24576K), 5 survivors (10240K)
 Metaspace       used 94510K, committed 95680K, reserved 1179648K
  class space    used 12558K, committed 13120K, reserved 1048576K
}
Event: 49310.829 GC heap after
{Heap after GC invocations=203 (full 48):
 garbage-first heap   total 122880K, used 31668K [0x0000000704c00000, 0x0000000800000000)
  region size 2048K, 0 young (0K), 0 survivors (0K)
 Metaspace       used 93902K, committed 95424K, reserved 1179648K
  class space    used 12486K, committed 13120K, reserved 1048576K
}
Event: 49311.871 GC heap before
{Heap before GC invocations=203 (full 48):
 garbage-first heap   total 122880K, used 78772K [0x0000000704c00000, 0x0000000800000000)
  region size 2048K, 24 young (49152K), 0 survivors (0K)
 Metaspace       used 94038K, committed 95424K, reserved 1179648K
  class space    used 12504K, committed 13120K, reserved 1048576K
}
Event: 49311.873 GC heap after
{Heap after GC invocations=204 (full 48):
 garbage-first heap   total 122880K, used 36409K [0x0000000704c00000, 0x0000000800000000)
  region size 2048K, 3 young (6144K), 3 survivors (6144K)
 Metaspace       used 94038K, committed 95424K, reserved 1179648K
  class space    used 12504K, committed 13120K, reserved 1048576K
}
Event: 49709.850 GC heap before
{Heap before GC invocations=205 (full 48):
 garbage-first heap   total 122880K, used 97849K [0x0000000704c00000, 0x0000000800000000)
  region size 2048K, 33 young (67584K), 3 survivors (6144K)
 Metaspace       used 94382K, committed 95552K, reserved 1179648K
  class space    used 12529K, committed 13120K, reserved 1048576K
}

Dll operation events (15 events):
Event: 0.011 Loaded shared library N:\software\spring-tools-for-eclipse-4.30.0.RELEASE-e4.35.0-win32.win32.x86_64\sts-4.30.0.RELEASE\plugins\org.eclipse.justj.openjdk.hotspot.jre.full.win32.x86_64_21.0.6.v20250130-0529\jre\bin\java.dll
Event: 0.035 Loaded shared library N:\software\spring-tools-for-eclipse-4.30.0.RELEASE-e4.35.0-win32.win32.x86_64\sts-4.30.0.RELEASE\plugins\org.eclipse.justj.openjdk.hotspot.jre.full.win32.x86_64_21.0.6.v20250130-0529\jre\bin\zip.dll
Event: 0.223 Loaded shared library N:\software\spring-tools-for-eclipse-4.30.0.RELEASE-e4.35.0-win32.win32.x86_64\sts-4.30.0.RELEASE\plugins\org.eclipse.justj.openjdk.hotspot.jre.full.win32.x86_64_21.0.6.v20250130-0529\jre\bin\instrument.dll
Event: 0.228 Loaded shared library N:\software\spring-tools-for-eclipse-4.30.0.RELEASE-e4.35.0-win32.win32.x86_64\sts-4.30.0.RELEASE\plugins\org.eclipse.justj.openjdk.hotspot.jre.full.win32.x86_64_21.0.6.v20250130-0529\jre\bin\net.dll
Event: 0.229 Loaded shared library N:\software\spring-tools-for-eclipse-4.30.0.RELEASE-e4.35.0-win32.win32.x86_64\sts-4.30.0.RELEASE\plugins\org.eclipse.justj.openjdk.hotspot.jre.full.win32.x86_64_21.0.6.v20250130-0529\jre\bin\nio.dll
Event: 0.232 Loaded shared library N:\software\spring-tools-for-eclipse-4.30.0.RELEASE-e4.35.0-win32.win32.x86_64\sts-4.30.0.RELEASE\plugins\org.eclipse.justj.openjdk.hotspot.jre.full.win32.x86_64_21.0.6.v20250130-0529\jre\bin\zip.dll
Event: 0.370 Loaded shared library N:\software\spring-tools-for-eclipse-4.30.0.RELEASE-e4.35.0-win32.win32.x86_64\sts-4.30.0.RELEASE\plugins\org.eclipse.justj.openjdk.hotspot.jre.full.win32.x86_64_21.0.6.v20250130-0529\jre\bin\jimage.dll
Event: 0.414 Loaded shared library N:\software\spring-tools-for-eclipse-4.30.0.RELEASE-e4.35.0-win32.win32.x86_64\sts-4.30.0.RELEASE\plugins\org.eclipse.justj.openjdk.hotspot.jre.full.win32.x86_64_21.0.6.v20250130-0529\jre\bin\management.dll
Event: 0.424 Loaded shared library N:\software\spring-tools-for-eclipse-4.30.0.RELEASE-e4.35.0-win32.win32.x86_64\sts-4.30.0.RELEASE\plugins\org.eclipse.justj.openjdk.hotspot.jre.full.win32.x86_64_21.0.6.v20250130-0529\jre\bin\management_ext.dll
Event: 0.656 Loaded shared library N:\software\spring-tools-for-eclipse-4.30.0.RELEASE-e4.35.0-win32.win32.x86_64\sts-4.30.0.RELEASE\plugins\org.eclipse.justj.openjdk.hotspot.jre.full.win32.x86_64_21.0.6.v20250130-0529\jre\bin\extnet.dll
Event: 0.681 Loaded shared library N:\software\spring-tools-for-eclipse-4.30.0.RELEASE-e4.35.0-win32.win32.x86_64\sts-4.30.0.RELEASE\plugins\org.eclipse.justj.openjdk.hotspot.jre.full.win32.x86_64_21.0.6.v20250130-0529\jre\bin\verify.dll
Event: 1.959 Loaded shared library N:\software\spring-tools-for-eclipse-4.30.0.RELEASE-e4.35.0-win32.win32.x86_64\sts-4.30.0.RELEASE\plugins\org.eclipse.justj.openjdk.hotspot.jre.full.win32.x86_64_21.0.6.v20250130-0529\jre\bin\sunmscapi.dll
Event: 296.719 Loaded shared library N:\software\spring-tools-for-eclipse-4.30.0.RELEASE-e4.35.0-win32.win32.x86_64\sts-4.30.0.RELEASE\plugins\org.eclipse.justj.openjdk.hotspot.jre.full.win32.x86_64_21.0.6.v20250130-0529\jre\bin\awt.dll
Event: 296.892 Loaded shared library N:\software\spring-tools-for-eclipse-4.30.0.RELEASE-e4.35.0-win32.win32.x86_64\sts-4.30.0.RELEASE\plugins\org.eclipse.justj.openjdk.hotspot.jre.full.win32.x86_64_21.0.6.v20250130-0529\jre\bin\freetype.dll
Event: 296.896 Loaded shared library N:\software\spring-tools-for-eclipse-4.30.0.RELEASE-e4.35.0-win32.win32.x86_64\sts-4.30.0.RELEASE\plugins\org.eclipse.justj.openjdk.hotspot.jre.full.win32.x86_64_21.0.6.v20250130-0529\jre\bin\fontmanager.dll

Deoptimization events (20 events):
Event: 49533.141 Thread 0x000002166cc1e300 DEOPT PACKING pc=0x000002161b8a00f4 sp=0x0000002b7effd510
Event: 49533.141 Thread 0x000002166cc1e300 DEOPT UNPACKING pc=0x000002161b634e42 sp=0x0000002b7effca78 mode 1
Event: 49533.141 Thread 0x000002166cc1e300 DEOPT PACKING pc=0x000002161bd068bc sp=0x0000002b7effd050
Event: 49533.142 Thread 0x000002166cc1e300 DEOPT UNPACKING pc=0x000002161b634e42 sp=0x0000002b7effc5b8 mode 1
Event: 49533.142 Thread 0x000002166cc1e300 DEOPT PACKING pc=0x000002161b8a00f4 sp=0x0000002b7effd0c0
Event: 49533.142 Thread 0x000002166cc1e300 DEOPT UNPACKING pc=0x000002161b634e42 sp=0x0000002b7effc628 mode 1
Event: 49533.142 Thread 0x000002166cc1e300 DEOPT PACKING pc=0x000002161b8a00f4 sp=0x0000002b7effd0c0
Event: 49533.142 Thread 0x000002166cc1e300 DEOPT UNPACKING pc=0x000002161b634e42 sp=0x0000002b7effc628 mode 1
Event: 49533.142 Thread 0x000002166cc1e300 DEOPT PACKING pc=0x000002161b8a00f4 sp=0x0000002b7effd0c0
Event: 49533.142 Thread 0x000002166cc1e300 DEOPT UNPACKING pc=0x000002161b634e42 sp=0x0000002b7effc628 mode 1
Event: 49533.142 Thread 0x000002166cc1e300 DEOPT PACKING pc=0x000002161b8a00f4 sp=0x0000002b7effd0c0
Event: 49533.142 Thread 0x000002166cc1e300 DEOPT UNPACKING pc=0x000002161b634e42 sp=0x0000002b7effc628 mode 1
Event: 49533.142 Thread 0x000002166cc1e300 DEOPT PACKING pc=0x000002161b8a00f4 sp=0x0000002b7effd0c0
Event: 49533.142 Thread 0x000002166cc1e300 DEOPT UNPACKING pc=0x000002161b634e42 sp=0x0000002b7effc628 mode 1
Event: 49533.142 Thread 0x000002166cc1e300 DEOPT PACKING pc=0x000002161b8a00f4 sp=0x0000002b7effd0c0
Event: 49533.142 Thread 0x000002166cc1e300 DEOPT UNPACKING pc=0x000002161b634e42 sp=0x0000002b7effc628 mode 1
Event: 49533.142 Thread 0x000002166cc1e300 DEOPT PACKING pc=0x000002161b8a00f4 sp=0x0000002b7effd0c0
Event: 49533.142 Thread 0x000002166cc1e300 DEOPT UNPACKING pc=0x000002161b634e42 sp=0x0000002b7effc628 mode 1
Event: 49537.767 Thread 0x0000021676375930 DEOPT PACKING pc=0x000002161bab81b4 sp=0x0000002b006fd5f0
Event: 49537.767 Thread 0x0000021676375930 DEOPT UNPACKING pc=0x000002161b634e42 sp=0x0000002b006fcaa8 mode 0

Classes loaded (20 events):
Event: 7289.008 Loading class java/lang/Configurable
Event: 7289.008 Loading class java/lang/Configurable done
Event: 7289.009 Loading class java/lang/Configurable
Event: 7289.009 Loading class java/lang/Configurable done
Event: 28358.307 Loading class java/rmi/server/UnicastRemoteObject
Event: 28358.318 Loading class java/rmi/server/UnicastRemoteObject done
Event: 49247.265 Loading class java/lang/Configurable
Event: 49247.265 Loading class java/lang/Configurable done
Event: 49247.266 Loading class java/lang/Configurable
Event: 49247.266 Loading class java/lang/Configurable done
Event: 49247.267 Loading class java/lang/Configurable
Event: 49247.267 Loading class java/lang/Configurable done
Event: 49247.982 Loading class java/time/DurationEditor
Event: 49247.982 Loading class java/time/DurationEditor done
Event: 49311.743 Loading class java/lang/Configurable
Event: 49311.743 Loading class java/lang/Configurable done
Event: 49311.744 Loading class java/lang/Configurable
Event: 49311.744 Loading class java/lang/Configurable done
Event: 49311.745 Loading class java/lang/Configurable
Event: 49311.745 Loading class java/lang/Configurable done

Classes unloaded (20 events):
Event: 49310.788 Thread 0x0000021615845a90 Unloading class 0x0000021628c85a08 'nabi/comworker/registration/repository/AddressRepository'
Event: 49310.788 Thread 0x0000021615845a90 Unloading class 0x0000021628c85800 'nabi/comworker/service/impl/RegDocumentService'
Event: 49310.788 Thread 0x0000021615845a90 Unloading class 0x0000021628af8800 'nabi/comworker/service/impl/EmployeeServiceImpl'
Event: 49310.788 Thread 0x0000021615845a90 Unloading class 0x0000021628bccc40 'nabi/comworker/service/EmployeeService'
Event: 49310.788 Thread 0x0000021615845a90 Unloading class 0x0000021628bcca20 'nabi/comworker/service/impl/ApplicationNumberServiceImpl'
Event: 49310.788 Thread 0x0000021615845a90 Unloading class 0x0000021628beee00 'nabi/comworker/service/ApplicationNumberService'
Event: 49310.788 Thread 0x0000021615845a90 Unloading class 0x0000021628bcc800 'nabi/comworker/service/impl/AddressServiceImpl'
Event: 49310.788 Thread 0x0000021615845a90 Unloading class 0x0000021628beec10 'nabi/comworker/service/AddressService'
Event: 49310.788 Thread 0x0000021615845a90 Unloading class 0x0000021628beea00 'nabi/comworker/exception/GlobalExceptionHandler'
Event: 49310.788 Thread 0x0000021615845a90 Unloading class 0x0000021628bee800 'nabi/comworker/CorsConfig/CorsConfig'
Event: 49310.788 Thread 0x0000021615845a90 Unloading class 0x0000021628bb6c28 'nabi/comworker/controller/registration/EmployeeController'
Event: 49310.788 Thread 0x0000021615845a90 Unloading class 0x0000021628bb6a10 'nabi/comworker/controller/registration/AddressController'
Event: 49310.788 Thread 0x0000021615845a90 Unloading class 0x0000021628bb6800 'nabi/comworker/controller/CaptchaController'
Event: 49310.788 Thread 0x0000021615845a90 Unloading class 0x0000021628bf6410 'nabi/comworker/configuration/WebConfig'
Event: 49310.788 Thread 0x0000021615845a90 Unloading class 0x0000021628bf61f8 'nabi/comworker/captchaservice/CaptchaService'
Event: 49310.788 Thread 0x0000021615845a90 Unloading class 0x0000021628bf6000 'nabi/comworker/WorkersMeetServiceApplication'
Event: 49310.788 Thread 0x0000021615845a90 Unloading class 0x0000021628a50c00 'java/lang/invoke/LambdaForm$MH+0x0000021628a50c00'
Event: 49310.788 Thread 0x0000021615845a90 Unloading class 0x0000021628c14400 'java/lang/invoke/LambdaForm$MH+0x0000021628c14400'
Event: 49310.788 Thread 0x0000021615845a90 Unloading class 0x0000021628c07400 'java/lang/invoke/LambdaForm$MH+0x0000021628c07400'
Event: 49310.788 Thread 0x0000021615845a90 Unloading class 0x0000021628c03000 'java/lang/invoke/LambdaForm$MH+0x0000021628c03000'

Classes redefined (17 events):
Event: 102.792 Thread 0x0000021615845a90 redefined class name=nabi.comworker.service.impl.RegDocumentService, count=1
Event: 195.031 Thread 0x0000021615845a90 redefined class name=nabi.comworker.controller.registration.AddressController, count=1
Event: 195.031 Thread 0x0000021615845a90 redefined class name=nabi.comworker.controller.registration.AddressController, count=1
Event: 548.881 Thread 0x0000021615845a90 redefined class name=nabi.comworker.controller.registration.AddressController, count=2
Event: 548.881 Thread 0x0000021615845a90 redefined class name=nabi.comworker.controller.registration.AddressController, count=1
Event: 548.881 Thread 0x0000021615845a90 redefined class name=nabi.comworker.controller.registration.AddressController, count=2
Event: 1006.742 Thread 0x0000021615845a90 redefined class name=nabi.comworker.controller.registration.AddressController, count=1
Event: 1006.742 Thread 0x0000021615845a90 redefined class name=nabi.comworker.controller.registration.AddressController, count=1
Event: 1006.742 Thread 0x0000021615845a90 redefined class name=nabi.comworker.controller.registration.AddressController, count=1
Event: 1006.742 Thread 0x0000021615845a90 redefined class name=nabi.comworker.controller.registration.AddressController, count=1
Event: 1006.743 Thread 0x0000021615845a90 redefined class name=nabi.comworker.controller.registration.AddressController, count=3
Event: 1006.743 Thread 0x0000021615845a90 redefined class name=nabi.comworker.controller.registration.AddressController, count=1
Event: 1006.743 Thread 0x0000021615845a90 redefined class name=nabi.comworker.controller.registration.AddressController, count=3
Event: 1006.743 Thread 0x0000021615845a90 redefined class name=nabi.comworker.controller.registration.AddressController, count=2
Event: 1006.743 Thread 0x0000021615845a90 redefined class name=nabi.comworker.controller.registration.AddressController, count=1
Event: 1006.743 Thread 0x0000021615845a90 redefined class name=nabi.comworker.controller.registration.AddressController, count=1
Event: 1006.743 Thread 0x0000021615845a90 redefined class name=nabi.comworker.controller.registration.AddressController, count=1

Internal exceptions (20 events):
Event: 49311.724 Thread 0x0000021676375930 Exception <a 'java/lang/NoClassDefFoundError'{0x000000070a7666c0}: liquibase/integration/spring/SpringLiquibase> (0x000000070a7666c0) 
thrown [s\src\hotspot\share\oops\constantPool.cpp, line 873]
Event: 49311.726 Thread 0x0000021676375930 Exception <a 'java/lang/NoClassDefFoundError'{0x000000070a794dd8}: org/jooq/DSLContext> (0x000000070a794dd8) 
thrown [s\src\hotspot\share\oops\constantPool.cpp, line 873]
Event: 49311.729 Thread 0x0000021676375930 Exception <a 'java/lang/NoClassDefFoundError'{0x000000070a7e88e8}: org/springframework/batch/core/repository/JobRepository> (0x000000070a7e88e8) 
thrown [s\src\hotspot\share\oops\constantPool.cpp, line 873]
Event: 49311.730 Thread 0x0000021676375930 Exception <a 'java/lang/NoClassDefFoundError'{0x000000070a7e8f40}: org/quartz/Scheduler> (0x000000070a7e8f40) 
thrown [s\src\hotspot\share\oops\constantPool.cpp, line 873]
Event: 49311.731 Thread 0x0000021676375930 Exception <a 'java/lang/NoClassDefFoundError'{0x000000070a7e95c0}: org/springframework/session/jdbc/JdbcIndexedSessionRepository> (0x000000070a7e95c0) 
thrown [s\src\hotspot\share\oops\constantPool.cpp, line 873]
Event: 49311.742 Thread 0x0000021676375930 Exception <a 'java/lang/ArrayIndexOutOfBoundsException'{0x000000070a5313e0}> (0x000000070a5313e0) 
thrown [s\src\hotspot\share\runtime\sharedRuntime.cpp, line 625]
Event: 49311.742 Thread 0x0000021676375930 Exception <a 'java/lang/ArrayIndexOutOfBoundsException'{0x000000070a5319b8}> (0x000000070a5319b8) 
thrown [s\src\hotspot\share\runtime\sharedRuntime.cpp, line 625]
Event: 49311.742 Thread 0x0000021676375930 Exception <a 'java/lang/ArrayIndexOutOfBoundsException'{0x000000070a53b8b0}> (0x000000070a53b8b0) 
thrown [s\src\hotspot\share\runtime\sharedRuntime.cpp, line 625]
Event: 49311.742 Thread 0x0000021676375930 Exception <a 'java/lang/ArrayIndexOutOfBoundsException'{0x000000070a53c138}> (0x000000070a53c138) 
thrown [s\src\hotspot\share\runtime\sharedRuntime.cpp, line 625]
Event: 49311.743 Thread 0x0000021676375930 Exception <a 'java/lang/ArrayIndexOutOfBoundsException'{0x000000070a54c960}> (0x000000070a54c960) 
thrown [s\src\hotspot\share\runtime\sharedRuntime.cpp, line 625]
Event: 49311.743 Thread 0x0000021676375930 Exception <a 'java/lang/ArrayIndexOutOfBoundsException'{0x000000070a54cf38}> (0x000000070a54cf38) 
thrown [s\src\hotspot\share\runtime\sharedRuntime.cpp, line 625]
Event: 49311.744 Thread 0x0000021676375930 Exception <a 'java/lang/ArrayIndexOutOfBoundsException'{0x000000070a554138}> (0x000000070a554138) 
thrown [s\src\hotspot\share\runtime\sharedRuntime.cpp, line 625]
Event: 49311.744 Thread 0x0000021676375930 Exception <a 'java/lang/ArrayIndexOutOfBoundsException'{0x000000070a5549c0}> (0x000000070a5549c0) 
thrown [s\src\hotspot\share\runtime\sharedRuntime.cpp, line 625]
Event: 49311.745 Thread 0x0000021676375930 Exception <a 'java/lang/ArrayIndexOutOfBoundsException'{0x000000070a564b18}> (0x000000070a564b18) 
thrown [s\src\hotspot\share\runtime\sharedRuntime.cpp, line 625]
Event: 49311.745 Thread 0x0000021676375930 Exception <a 'java/lang/ArrayIndexOutOfBoundsException'{0x000000070a5650f0}> (0x000000070a5650f0) 
thrown [s\src\hotspot\share\runtime\sharedRuntime.cpp, line 625]
Event: 49311.745 Thread 0x0000021676375930 Exception <a 'java/lang/ArrayIndexOutOfBoundsException'{0x000000070a56c2f0}> (0x000000070a56c2f0) 
thrown [s\src\hotspot\share\runtime\sharedRuntime.cpp, line 625]
Event: 49311.745 Thread 0x0000021676375930 Exception <a 'java/lang/ArrayIndexOutOfBoundsException'{0x000000070a56cb78}> (0x000000070a56cb78) 
thrown [s\src\hotspot\share\runtime\sharedRuntime.cpp, line 625]
Event: 49311.771 Thread 0x0000021676375930 Exception <a 'java/io/FileNotFoundException'{0x0000000709e65cb8}> (0x0000000709e65cb8) 
thrown [s\src\hotspot\share\prims\jni.cpp, line 520]
Event: 49311.796 Thread 0x0000021676375930 Exception <a 'java/io/FileNotFoundException'{0x0000000709c4c018}> (0x0000000709c4c018) 
thrown [s\src\hotspot\share\prims\jni.cpp, line 520]
Event: 49533.143 Thread 0x000002166cc1e300 Exception <a 'java/lang/NoSuchMethodError'{0x000000070988ded8}: static [B.<clinit>()V> (0x000000070988ded8) 
thrown [s\src\hotspot\share\prims\jni.cpp, line 1111]

ZGC Phase Switch (0 events):
No events

VM Operations (20 events):
Event: 49322.930 Executing VM operation: get/set locals done
Event: 49359.015 Executing VM operation: HandshakeAllThreads (HandshakeForDeflation)
Event: 49359.016 Executing VM operation: HandshakeAllThreads (HandshakeForDeflation) done
Event: 49359.016 Executing VM operation: RendezvousGCThreads
Event: 49359.016 Executing VM operation: RendezvousGCThreads done
Event: 49479.486 Executing VM operation: HandshakeAllThreads (HandshakeForDeflation)
Event: 49479.486 Executing VM operation: HandshakeAllThreads (HandshakeForDeflation) done
Event: 49479.486 Executing VM operation: RendezvousGCThreads
Event: 49479.486 Executing VM operation: RendezvousGCThreads done
Event: 49534.025 Executing VM operation: Cleanup
Event: 49534.025 Executing VM operation: Cleanup done
Event: 49537.765 Executing VM operation: ChangeSingleStep
Event: 49537.766 Executing VM operation: ChangeSingleStep done
Event: 49537.767 Executing VM operation: ChangeSingleStep
Event: 49537.767 Executing VM operation: ChangeSingleStep done
Event: 49539.493 Executing VM operation: HandshakeAllThreads (HandshakeForDeflation)
Event: 49539.493 Executing VM operation: HandshakeAllThreads (HandshakeForDeflation) done
Event: 49539.493 Executing VM operation: RendezvousGCThreads
Event: 49539.493 Executing VM operation: RendezvousGCThreads done
Event: 49709.850 Executing VM operation: G1CollectForAllocation (G1 Evacuation Pause)

Memory protections (0 events):
No events

Nmethod flushes (20 events):
Event: 49310.800 Thread 0x0000021615845a90 flushing  nmethod 0x000002161c9c5e90
Event: 49310.800 Thread 0x0000021615845a90 flushing  nmethod 0x000002161cad8410
Event: 49310.800 Thread 0x0000021615845a90 flushing  nmethod 0x000002161cbd4b90
Event: 49310.800 Thread 0x0000021615845a90 flushing  nmethod 0x000002161cdc1010
Event: 49310.800 Thread 0x0000021615845a90 flushing  nmethod 0x000002161cf28790
Event: 49310.800 Thread 0x0000021615845a90 flushing  nmethod 0x000002161cfc2490
Event: 49310.800 Thread 0x0000021615845a90 flushing  nmethod 0x000002161cfc2c10
Event: 49310.800 Thread 0x0000021615845a90 flushing  nmethod 0x000002161cfd8c10
Event: 49310.800 Thread 0x0000021615845a90 flushing  nmethod 0x000002161d2ee010
Event: 49310.800 Thread 0x0000021615845a90 flushing  nmethod 0x000002161d2ee790
Event: 49310.800 Thread 0x0000021615845a90 flushing  nmethod 0x000002161ba3bb10
Event: 49310.800 Thread 0x0000021615845a90 flushing  nmethod 0x000002161bbcaf90
Event: 49310.800 Thread 0x0000021615845a90 flushing  nmethod 0x000002161bc0bd90
Event: 49310.800 Thread 0x0000021615845a90 flushing  nmethod 0x000002161bcba210
Event: 49310.800 Thread 0x0000021615845a90 flushing  nmethod 0x000002161bee4a10
Event: 49310.800 Thread 0x0000021615845a90 flushing  nmethod 0x000002161c5b2c90
Event: 49310.800 Thread 0x0000021615845a90 flushing  nmethod 0x000002161cdb5c90
Event: 49310.800 Thread 0x0000021615845a90 flushing  nmethod 0x000002161cdb6a10
Event: 49310.801 Thread 0x0000021615845a90 flushing  nmethod 0x000002161d3bdd90
Event: 49310.801 Thread 0x0000021615845a90 flushing  nmethod 0x000002161d3c3490

Events (20 events):
Event: 49310.979 Thread 0x0000021676375930 Thread added: 0x00000216763752a0
Event: 49310.995 Thread 0x00000216763752a0 Thread exited: 0x00000216763752a0
Event: 49311.728 Thread 0x000002166f5e4be0 Thread exited: 0x000002166f5e4be0
Event: 49311.779 Thread 0x000002166f5e3e40 Thread added: 0x000002166f5e6050
Event: 49311.779 Thread 0x000002166f5e3e40 Thread added: 0x000002166f5e5980
Event: 49311.779 Thread 0x000002166f5e3e40 Thread added: 0x000002166f5e4be0
Event: 49311.779 Thread 0x0000021626b940a0 Thread added: 0x000002166c6864b0
Event: 49311.796 Thread 0x0000021676375930 Thread added: 0x00000216763731d0
Event: 49311.797 Thread 0x0000021676375930 Thread added: 0x0000021676373ef0
Event: 49311.797 Thread 0x0000021676375930 Thread added: 0x00000216763752a0
Event: 49311.837 Thread 0x0000021676375930 Thread added: 0x0000021676376ce0
Event: 49311.911 Thread 0x000002166f5e6050 Thread added: 0x000002166c685710
Event: 49311.940 Thread 0x0000021676376ce0 Thread added: 0x0000021676374580
Event: 49317.081 Thread 0x000002166c685710 Thread exited: 0x000002166c685710
Event: 49317.373 Thread 0x0000021676374580 Thread exited: 0x0000021676374580
Event: 49322.086 Thread 0x000002166c6864b0 Thread exited: 0x000002166c6864b0
Event: 49327.089 Thread 0x000002166f5e4be0 Thread exited: 0x000002166f5e4be0
Event: 49327.089 Thread 0x000002166f5e5980 Thread exited: 0x000002166f5e5980
Event: 49332.093 Thread 0x000002166f5e6050 Thread exited: 0x000002166f5e6050
Event: 49337.097 Thread 0x000002166f5e3e40 Thread exited: 0x000002166f5e3e40


Dynamic libraries:
0x00007ff786500000 - 0x00007ff78650e000 	N:\software\spring-tools-for-eclipse-4.30.0.RELEASE-e4.35.0-win32.win32.x86_64\sts-4.30.0.RELEASE\plugins\org.eclipse.justj.openjdk.hotspot.jre.full.win32.x86_64_21.0.6.v20250130-0529\jre\bin\javaw.exe
0x00007ff8069a0000 - 0x00007ff806c08000 	C:\Windows\SYSTEM32\ntdll.dll
0x00007ff8048f0000 - 0x00007ff8049b9000 	C:\Windows\System32\KERNEL32.DLL
0x00007ff803b60000 - 0x00007ff803f52000 	C:\Windows\System32\KERNELBASE.dll
0x00007ff803f60000 - 0x00007ff8040ab000 	C:\Windows\System32\ucrtbase.dll
0x00007fff91d30000 - 0x00007fff91d48000 	N:\software\spring-tools-for-eclipse-4.30.0.RELEASE-e4.35.0-win32.win32.x86_64\sts-4.30.0.RELEASE\plugins\org.eclipse.justj.openjdk.hotspot.jre.full.win32.x86_64_21.0.6.v20250130-0529\jre\bin\jli.dll
0x00007fff5d430000 - 0x00007fff5d44e000 	N:\software\spring-tools-for-eclipse-4.30.0.RELEASE-e4.35.0-win32.win32.x86_64\sts-4.30.0.RELEASE\plugins\org.eclipse.justj.openjdk.hotspot.jre.full.win32.x86_64_21.0.6.v20250130-0529\jre\bin\VCRUNTIME140.dll
0x00007ff805690000 - 0x00007ff805855000 	C:\Windows\System32\USER32.dll
0x00007ff803b30000 - 0x00007ff803b57000 	C:\Windows\System32\win32u.dll
0x00007fffddfd0000 - 0x00007fffde263000 	C:\Windows\WinSxS\amd64_microsoft.windows.common-controls_6595b64144ccf1df_6.0.26100.6899_none_3e0efeeae32e88c1\COMCTL32.dll
0x00007ff804770000 - 0x00007ff80479b000 	C:\Windows\System32\GDI32.dll
0x00007ff805520000 - 0x00007ff8055c9000 	C:\Windows\System32\msvcrt.dll
0x00007ff804440000 - 0x00007ff80456d000 	C:\Windows\System32\gdi32full.dll
0x00007ff804230000 - 0x00007ff8042d3000 	C:\Windows\System32\msvcp_win.dll
0x00007ff804810000 - 0x00007ff80483f000 	C:\Windows\System32\IMM32.DLL
0x00007fffc6f70000 - 0x00007fffc6f7c000 	N:\software\spring-tools-for-eclipse-4.30.0.RELEASE-e4.35.0-win32.win32.x86_64\sts-4.30.0.RELEASE\plugins\org.eclipse.justj.openjdk.hotspot.jre.full.win32.x86_64_21.0.6.v20250130-0529\jre\bin\vcruntime140_1.dll
0x00007fff47c10000 - 0x00007fff47c9d000 	N:\software\spring-tools-for-eclipse-4.30.0.RELEASE-e4.35.0-win32.win32.x86_64\sts-4.30.0.RELEASE\plugins\org.eclipse.justj.openjdk.hotspot.jre.full.win32.x86_64_21.0.6.v20250130-0529\jre\bin\msvcp140.dll
0x00007fff19880000 - 0x00007fff1a610000 	N:\software\spring-tools-for-eclipse-4.30.0.RELEASE-e4.35.0-win32.win32.x86_64\sts-4.30.0.RELEASE\plugins\org.eclipse.justj.openjdk.hotspot.jre.full.win32.x86_64_21.0.6.v20250130-0529\jre\bin\server\jvm.dll
0x00007ff805f60000 - 0x00007ff806014000 	C:\Windows\System32\ADVAPI32.dll
0x00007ff805000000 - 0x00007ff8050a6000 	C:\Windows\System32\sechost.dll
0x00007ff804ed0000 - 0x00007ff804fe8000 	C:\Windows\System32\RPCRT4.dll
0x00007ff805bf0000 - 0x00007ff805c64000 	C:\Windows\System32\WS2_32.dll
0x00007ff803990000 - 0x00007ff8039ee000 	C:\Windows\SYSTEM32\POWRPROF.dll
0x00007ffff83c0000 - 0x00007ffff83f5000 	C:\Windows\SYSTEM32\WINMM.dll
0x00007ffff8330000 - 0x00007ffff833b000 	C:\Windows\SYSTEM32\VERSION.dll
0x00007ff803970000 - 0x00007ff803984000 	C:\Windows\SYSTEM32\UMPDC.dll
0x00007ff8028d0000 - 0x00007ff8028eb000 	C:\Windows\SYSTEM32\kernel.appcore.dll
0x00007ffffbd50000 - 0x00007ffffbd5a000 	N:\software\spring-tools-for-eclipse-4.30.0.RELEASE-e4.35.0-win32.win32.x86_64\sts-4.30.0.RELEASE\plugins\org.eclipse.justj.openjdk.hotspot.jre.full.win32.x86_64_21.0.6.v20250130-0529\jre\bin\jimage.dll
0x00007ff801250000 - 0x00007ff801492000 	C:\Windows\SYSTEM32\DBGHELP.DLL
0x00007ff805860000 - 0x00007ff805bdb000 	C:\Windows\System32\combase.dll
0x00007ff8052a0000 - 0x00007ff805377000 	C:\Windows\System32\OLEAUT32.dll
0x00007fffe4810000 - 0x00007fffe484c000 	C:\Windows\SYSTEM32\dbgcore.DLL
0x00007ff8043a0000 - 0x00007ff804438000 	C:\Windows\System32\bcryptPrimitives.dll
0x00007fffd6360000 - 0x00007fffd639c000 	N:\software\spring-tools-for-eclipse-4.30.0.RELEASE-e4.35.0-win32.win32.x86_64\sts-4.30.0.RELEASE\plugins\org.eclipse.justj.openjdk.hotspot.jre.full.win32.x86_64_21.0.6.v20250130-0529\jre\bin\jdwp.dll
0x00007ffffbd10000 - 0x00007ffffbd1f000 	N:\software\spring-tools-for-eclipse-4.30.0.RELEASE-e4.35.0-win32.win32.x86_64\sts-4.30.0.RELEASE\plugins\org.eclipse.justj.openjdk.hotspot.jre.full.win32.x86_64_21.0.6.v20250130-0529\jre\bin\instrument.dll
0x00007ffff0330000 - 0x00007ffff034f000 	N:\software\spring-tools-for-eclipse-4.30.0.RELEASE-e4.35.0-win32.win32.x86_64\sts-4.30.0.RELEASE\plugins\org.eclipse.justj.openjdk.hotspot.jre.full.win32.x86_64_21.0.6.v20250130-0529\jre\bin\java.dll
0x00007ff806020000 - 0x00007ff80676d000 	C:\Windows\System32\SHELL32.dll
0x00007ff804600000 - 0x00007ff80476b000 	C:\Windows\System32\wintypes.dll
0x00007ff801740000 - 0x00007ff801f9d000 	C:\Windows\SYSTEM32\windows.storage.dll
0x00007ff805100000 - 0x00007ff8051f2000 	C:\Windows\System32\SHCORE.dll
0x00007ff8047a0000 - 0x00007ff804802000 	C:\Windows\System32\shlwapi.dll
0x00007ff803a50000 - 0x00007ff803a79000 	C:\Windows\SYSTEM32\profapi.dll
0x00007fff8f4d0000 - 0x00007fff8f4e8000 	N:\software\spring-tools-for-eclipse-4.30.0.RELEASE-e4.35.0-win32.win32.x86_64\sts-4.30.0.RELEASE\plugins\org.eclipse.justj.openjdk.hotspot.jre.full.win32.x86_64_21.0.6.v20250130-0529\jre\bin\zip.dll
0x00007ffffbe20000 - 0x00007ffffbe2b000 	N:\software\spring-tools-for-eclipse-4.30.0.RELEASE-e4.35.0-win32.win32.x86_64\sts-4.30.0.RELEASE\plugins\org.eclipse.justj.openjdk.hotspot.jre.full.win32.x86_64_21.0.6.v20250130-0529\jre\bin\dt_socket.dll
0x00007ff802370000 - 0x00007ff8023a4000 	C:\Windows\SYSTEM32\IPHLPAPI.DLL
0x00007ff802e20000 - 0x00007ff802e8b000 	C:\Windows\system32\mswsock.dll
0x00007ff8023b0000 - 0x00007ff8024d6000 	C:\Windows\SYSTEM32\DNSAPI.dll
0x00007ff805be0000 - 0x00007ff805bea000 	C:\Windows\System32\NSI.dll
0x00007ffff8400000 - 0x00007ffff840b000 	C:\Windows\System32\rasadhlp.dll
0x00007ffffb820000 - 0x00007ffffb8a6000 	C:\Windows\System32\fwpuclnt.dll
0x00007fffed5e0000 - 0x00007fffed5f0000 	N:\software\spring-tools-for-eclipse-4.30.0.RELEASE-e4.35.0-win32.win32.x86_64\sts-4.30.0.RELEASE\plugins\org.eclipse.justj.openjdk.hotspot.jre.full.win32.x86_64_21.0.6.v20250130-0529\jre\bin\net.dll
0x00007ffffa6d0000 - 0x00007ffffa7ef000 	C:\Windows\SYSTEM32\WINHTTP.dll
0x00007fff76830000 - 0x00007fff76846000 	N:\software\spring-tools-for-eclipse-4.30.0.RELEASE-e4.35.0-win32.win32.x86_64\sts-4.30.0.RELEASE\plugins\org.eclipse.justj.openjdk.hotspot.jre.full.win32.x86_64_21.0.6.v20250130-0529\jre\bin\nio.dll
0x00007fffc6fb0000 - 0x00007fffc6fba000 	N:\software\spring-tools-for-eclipse-4.30.0.RELEASE-e4.35.0-win32.win32.x86_64\sts-4.30.0.RELEASE\plugins\org.eclipse.justj.openjdk.hotspot.jre.full.win32.x86_64_21.0.6.v20250130-0529\jre\bin\management.dll
0x00007fffc6fa0000 - 0x00007fffc6fab000 	N:\software\spring-tools-for-eclipse-4.30.0.RELEASE-e4.35.0-win32.win32.x86_64\sts-4.30.0.RELEASE\plugins\org.eclipse.justj.openjdk.hotspot.jre.full.win32.x86_64_21.0.6.v20250130-0529\jre\bin\management_ext.dll
0x00007ff806950000 - 0x00007ff806958000 	C:\Windows\System32\PSAPI.DLL
0x00007fffdc7e0000 - 0x00007fffdc7f8000 	C:\Windows\system32\napinsp.dll
0x00007fffdc7c0000 - 0x00007fffdc7d2000 	C:\Windows\System32\winrnr.dll
0x00007fffdc590000 - 0x00007fffdc5b8000 	C:\Windows\system32\nlansp_c.dll
0x00007fffdc7a0000 - 0x00007fffdc7b6000 	C:\Windows\system32\wshbth.dll
0x00007ff8030c0000 - 0x00007ff8030db000 	C:\Windows\SYSTEM32\CRYPTSP.dll
0x00007ff802830000 - 0x00007ff80286b000 	C:\Windows\system32\rsaenh.dll
0x00007ff802ec0000 - 0x00007ff802eeb000 	C:\Windows\SYSTEM32\USERENV.dll
0x00007ff803a20000 - 0x00007ff803a46000 	C:\Windows\SYSTEM32\bcrypt.dll
0x00007ff8030e0000 - 0x00007ff8030ec000 	C:\Windows\SYSTEM32\CRYPTBASE.dll
0x00007fffc6f20000 - 0x00007fffc6f29000 	N:\software\spring-tools-for-eclipse-4.30.0.RELEASE-e4.35.0-win32.win32.x86_64\sts-4.30.0.RELEASE\plugins\org.eclipse.justj.openjdk.hotspot.jre.full.win32.x86_64_21.0.6.v20250130-0529\jre\bin\extnet.dll
0x00007fffe4750000 - 0x00007fffe4760000 	N:\software\spring-tools-for-eclipse-4.30.0.RELEASE-e4.35.0-win32.win32.x86_64\sts-4.30.0.RELEASE\plugins\org.eclipse.justj.openjdk.hotspot.jre.full.win32.x86_64_21.0.6.v20250130-0529\jre\bin\verify.dll
0x00007fffc6fc0000 - 0x00007fffc6fce000 	N:\software\spring-tools-for-eclipse-4.30.0.RELEASE-e4.35.0-win32.win32.x86_64\sts-4.30.0.RELEASE\plugins\org.eclipse.justj.openjdk.hotspot.jre.full.win32.x86_64_21.0.6.v20250130-0529\jre\bin\sunmscapi.dll
0x00007ff8040b0000 - 0x00007ff804227000 	C:\Windows\System32\CRYPT32.dll
0x00007ff803340000 - 0x00007ff803370000 	C:\Windows\SYSTEM32\ncrypt.dll
0x00007ff8032f0000 - 0x00007ff80332f000 	C:\Windows\SYSTEM32\NTASN1.dll
0x00007fffdbd50000 - 0x00007fffdbd58000 	C:\Windows\system32\wshunix.dll
0x00007fff6de30000 - 0x00007fff6dfbe000 	N:\software\spring-tools-for-eclipse-4.30.0.RELEASE-e4.35.0-win32.win32.x86_64\sts-4.30.0.RELEASE\plugins\org.eclipse.justj.openjdk.hotspot.jre.full.win32.x86_64_21.0.6.v20250130-0529\jre\bin\awt.dll
0x00007ff8003c0000 - 0x00007ff80045f000 	C:\Windows\SYSTEM32\apphelp.dll
0x00007ff800470000 - 0x00007ff80049d000 	C:\Windows\system32\DWMAPI.DLL
0x00007ff8007e0000 - 0x00007ff80088a000 	C:\Windows\system32\uxtheme.dll
0x00007fffc7030000 - 0x00007fffc70b7000 	N:\software\spring-tools-for-eclipse-4.30.0.RELEASE-e4.35.0-win32.win32.x86_64\sts-4.30.0.RELEASE\plugins\org.eclipse.justj.openjdk.hotspot.jre.full.win32.x86_64_21.0.6.v20250130-0529\jre\bin\freetype.dll
0x00007fffa07a0000 - 0x00007fffa087b000 	N:\software\spring-tools-for-eclipse-4.30.0.RELEASE-e4.35.0-win32.win32.x86_64\sts-4.30.0.RELEASE\plugins\org.eclipse.justj.openjdk.hotspot.jre.full.win32.x86_64_21.0.6.v20250130-0529\jre\bin\fontmanager.dll

dbghelp: loaded successfully - version: 4.0.5 - missing functions: none
symbol engine: initialized successfully - sym options: 0x614 - pdb path: .;N:\software\spring-tools-for-eclipse-4.30.0.RELEASE-e4.35.0-win32.win32.x86_64\sts-4.30.0.RELEASE\plugins\org.eclipse.justj.openjdk.hotspot.jre.full.win32.x86_64_21.0.6.v20250130-0529\jre\bin;C:\Windows\SYSTEM32;C:\Windows\WinSxS\amd64_microsoft.windows.common-controls_6595b64144ccf1df_6.0.26100.6899_none_3e0efeeae32e88c1;N:\software\spring-tools-for-eclipse-4.30.0.RELEASE-e4.35.0-win32.win32.x86_64\sts-4.30.0.RELEASE\plugins\org.eclipse.justj.openjdk.hotspot.jre.full.win32.x86_64_21.0.6.v20250130-0529\jre\bin\server

VM Arguments:
jvm_args: -XX:+ShowCodeDetailsInExceptionMessages -agentlib:jdwp=transport=dt_socket,suspend=y,address=localhost:62964 -Dcom.sun.management.jmxremote -Dcom.sun.management.jmxremote.port=62963 -Dcom.sun.management.jmxremote.authenticate=false -Dcom.sun.management.jmxremote.ssl=false -Djava.rmi.server.hostname=localhost -Dspring.jmx.enabled=true -Dmanagement.endpoints.jmx.exposure.include=* -Dspring.application.admin.enabled=true -Dspring.output.ansi.enabled=always -XX:TieredStopAtLevel=1 -Dspring.boot.project.name=WorkersMeet-Service -javaagent:N:\software\spring-tools-for-eclipse-4.30.0.RELEASE-e4.35.0-win32.win32.x86_64\sts-4.30.0.RELEASE\configuration\org.eclipse.osgi\270\0\.cp\lib\javaagent-shaded.jar -Dfile.encoding=UTF-8 -Dstdout.encoding=UTF-8 -Dstderr.encoding=UTF-8 
java_command: nabi.comworker.WorkersMeetServiceApplication
java_class_path (initial): N:\IDE STS\WorkersMeet-Service\target\classes;C:\Users\Md Nabi Alam\.m2\repository\org\springframework\boot\spring-boot-starter-data-jdbc\3.5.5\spring-boot-starter-data-jdbc-3.5.5.jar;C:\Users\Md Nabi Alam\.m2\repository\org\springframework\boot\spring-boot-starter-jdbc\3.5.5\spring-boot-starter-jdbc-3.5.5.jar;C:\Users\Md Nabi Alam\.m2\repository\com\zaxxer\HikariCP\6.3.2\HikariCP-6.3.2.jar;C:\Users\Md Nabi Alam\.m2\repository\org\springframework\spring-jdbc\6.2.10\spring-jdbc-6.2.10.jar;C:\Users\Md Nabi Alam\.m2\repository\org\springframework\data\spring-data-jdbc\3.5.3\spring-data-jdbc-3.5.3.jar;C:\Users\Md Nabi Alam\.m2\repository\org\springframework\data\spring-data-relational\3.5.3\spring-data-relational-3.5.3.jar;C:\Users\Md Nabi Alam\.m2\repository\org\springframework\data\spring-data-commons\3.5.3\spring-data-commons-3.5.3.jar;C:\Users\Md Nabi Alam\.m2\repository\org\springframework\spring-tx\6.2.10\spring-tx-6.2.10.jar;C:\Users\Md Nabi Alam\.m2\repository\org\springframework\spring-context\6.2.10\spring-context-6.2.10.jar;C:\Users\Md Nabi Alam\.m2\repository\org\springframework\spring-beans\6.2.10\spring-beans-6.2.10.jar;C:\Users\Md Nabi Alam\.m2\repository\org\slf4j\slf4j-api\2.0.17\slf4j-api-2.0.17.jar;C:\Users\Md Nabi Alam\.m2\repository\org\springframework\boot\spring-boot-starter-data-jpa\3.5.5\spring-boot-starter-data-jpa-3.5.5.jar;C:\Users\Md Nabi Alam\.m2\repository\org\springframework\boot\spring-boot-starter\3.5.5\spring-boot-starter-3.5.5.jar;C:\Users\Md Nabi Alam\.m2\repository\org\springframework\boot\spring-boot-starter-logging\3.5.5\spring-boot-starter-logging-3.5.5.jar;C:\Users\Md Nabi Alam\.m2\repository\ch\qos\logback\logback-classic\1.5.18\logback-classic-1.5.18.jar;C:\Users\Md Nabi Alam\.m2\repository\ch\qos\logback\logback-core\1.5.18\logback-core-1.5.18.jar;C:\Users\Md Nabi Alam\.m2\repository\org\apache\logging\log4j\log4j-to-slf4j\2.24.3\log4j-to-slf4j-2.24.3.jar;C:\Users\Md Nabi Alam\.m2\repository\org\apache\logging\log4j\log4j-api\2.24.3\log4j-api-2.24.3.jar;C:\Users\Md Nabi Alam\.m2\repository\org\slf4j\jul-to-slf4j\2.0.17\jul-to-slf4j-2.0.17.jar;C:\Users\Md Nabi Alam\.m2\repository\jakarta\annotation\jakarta.annotation-api\2.1.1\jakarta.annotation-api-2.1.1.jar;C:\Users\Md Nabi Alam\.m2\repository\org\yaml\snakeyaml\2.4\snakeyaml-2.4.jar;C:\Users\Md Nabi Alam\.m2\repository\org\hibernate\orm\hibernate-core\6.6.26.Final\hibernate-core-6.6.26.Final.jar;C:\Users\Md Nabi Alam\.m2\repository\jakarta\persistence\jakarta.persistence-api\3.1.0\jakarta.persistence-api-3.1.0.jar;C:\Users\Md Nabi Alam\.m2\repository\jakarta\transaction\jakarta.transaction-api\2.0.1\jakarta.transaction-api-2.0.1.jar;C:\Users\Md Nabi Alam\.m2\repository\org\jboss\logging\jboss-logging\3.6.1.Final\jboss-logging-3.6.1.Final.jar;C:\Users\Md Nabi Alam\.m2\repository\org\hibernate\common\hibernate-commons-annotations\7.0.3.Final\hibernate-commons-annotations-7.0.3.Final.jar;C:\Users\Md Nabi Alam\.m2\repository\io\smallrye\jandex\3.2.0\jandex-3.2.0.jar;C:\Users\Md Nabi Alam\.m2\repository\com\fasterxml\classmate\1.7.0\classmate-1.7.0.jar;C:\Users\Md Nabi Alam\.m2\repository\net\bytebuddy\byte-buddy\1.17.7\byte-buddy-1.17.7.jar;C:\Users\Md Nabi Alam\.m2\repository\org\glassfish\jaxb\jaxb-runtime\4.0.5\jaxb-runtime-4.0.5.jar;C:\Users\Md Nabi Alam\.m2\repository\org\glassfish\jaxb\jaxb-core\4.0.5\jaxb-core-4.0.5.jar;C:\Users\Md Nabi Alam\.m2\repository\org\eclipse\angus\angus-activation\2.0.2\angus-activation-2.0.2.jar;C:\Users\Md Nabi Alam\.m2\repository\org\glassfish\jaxb\txw2\4.0.5\txw2-4.0.5.jar;C:\Users\Md Nabi Alam\.m2\repository\com\sun\istack\istack-commons-runtime\4.1.2\istack-commons-runtime-4.1.2.jar;C:\Users\Md Nabi Alam\.m2\repository\jakarta\inject\jakarta.inject-api\2.0.1\jakarta.inject-api-2.0.1.jar;C:\Users\Md Nabi Alam\.m2\repository\org\antlr\antlr4-runtime\4.13.0\antlr4-runtime-4.13.0.jar;C:\Users\Md Nabi Alam\.m2\repository\org\springframework\data\spring-data-jpa\3.5.3\spring-data-jpa-3.5.3.jar;C:\Users\Md Nabi Alam\.m2\repository\org\springframework\spring-orm\6.2.10\spring-orm-6.2.10.jar;C:\Users\Md Nabi Alam\.m2\repository\org\springframework\spring-aop\6.2.10\spring-aop-6.2.10.jar;C:\Users\Md Nabi Alam\.m2\repository\org\springframework\spring-aspects\6.2.10\spring-aspects-6.2.10.jar;C:\Users\Md Nabi Alam\.m2\repository\org\aspectj\aspectjweaver\1.9.24\aspectjweaver-1.9.24.jar;C:\Users\Md Nabi Alam\.m2\repository\org\springframework\boot\spring-boot-starter-validation\3.5.5\spring-boot-starter-validation-3.5.5.jar;C:\Users\Md Nabi Alam\.m2\repository\org\apache\tomcat\embed\tomcat-embed-el\10.1.44\tomcat-embed-el-10.1.44.jar;C:\Users\Md Nabi Alam\.m2\repository\org\hibernate\validator\hibernate-validator\8.0.3.Final\hibernate-validator-8.0.3.Final.jar;C:\Users\Md Nabi Alam\.m2\repository\jakarta\validation\jakarta.validation-api\3.0.2\jakarta.validation-api-3.0.2.jar;C:\Users\Md Nabi Alam\.m2\repository\org\springframework\boot\spring-boot-starter-web\3.5.5\spring-boot-starter-web-3.5.5.jar;C:\Users\Md Nabi Alam\.m2\repository\org\springframework\boot\spring-boot-starter-json\3.5.5\spring-boot-starter-json-3.5.5.jar;C:\Users\Md Nabi Alam\.m2\repository\com\fasterxml\jackson\core\jackson-databind\2.19.2\jackson-databind-2.19.2.jar;C:\Users\Md Nabi Alam\.m2\repository\com\fasterxml\jackson\core\jackson-annotations\2.19.2\jackson-annotations-2.19.2.jar;C:\Users\Md Nabi Alam\.m2\repository\com\fasterxml\jackson\core\jackson-core\2.19.2\jackson-core-2.19.2.jar;C:\Users\Md Nabi Alam\.m2\repository\com\fasterxml\jackson\datatype\jackson-datatype-jdk8\2.19.2\jackson-datatype-jdk8-2.19.2.jar;C:\Users\Md Nabi Alam\.m2\repository\com\fasterxml\jackson\datatype\jackson-datatype-jsr310\2.19.2\jackson-datatype-jsr310-2.19.2.jar;C:\Users\Md Nabi Alam\.m2\repository\com\fasterxml\jackson\module\jackson-module-parameter-names\2.19.2\jackson-module-parameter-names-2.19.2.jar;C:\Users\Md Nabi Alam\.m2\repository\org\springframework\boot\spring-boot-starter-tomcat\3.5.5\spring-boot-starter-tomcat-3.5.5.jar;C:\Users\Md Nabi Alam\.m2\repository\org\apache\tomcat\embed\tomcat-embed-core\10.1.44\tomcat-embed-core-10.1.44.jar;C:\Users\Md Nabi Alam\.m2\repository\org\apache\tomcat\embed\tomcat-embed-websocket\10.1.44\tomcat-embed-websocket-10.1.44.jar;C:\Users\Md Nabi Alam\.m2\repository\org\springframework\spring-web\6.2.10\spring-web-6.2.10.jar;C:\Users\Md Nabi Alam\.m2\repository\io\micrometer\micrometer-observation\1.15.3\micrometer-observation-1.15.3.jar;C:\Users\Md Nabi Alam\.m2\repository\io\micrometer\micrometer-commons\1.15.3\micrometer-commons-1.15.3.jar;C:\Users\Md Nabi Alam\.m2\repository\org\springframework\spring-webmvc\6.2.10\spring-webmvc-6.2.10.jar;C:\Users\Md Nabi Alam\.m2\repository\org\springframework\spring-expression\6.2.10\spring-expression-6.2.10.jar;C:\Users\Md Nabi Alam\.m2\repository\org\springframework\boot\spring-boot-devtools\3.5.5\spring-boot-devtools-3.5.5.jar;C:\Users\Md Nabi Alam\.m2\repository\org\springframework\boot\spring-boot\3.5.5\spring-boot-3.5.5.jar;C:\Users\Md Nabi Alam\.m2\repository\org\springframework\boot\spring-boot-autoconfigure\3.5.5\spring-boot-autoconfigure-3.5.5.jar;C:\Users\Md Nabi Alam\.m2\repository\com\mysql\mysql-connector-j\9.4.0\mysql-connector-j-9.4.0.jar;C:\Users\Md Nabi Alam\.m2\repository\org\projectlombok\lombok\1.18.38\lombok-1.18.38.jar;C:\Users\Md Nabi Alam\.m2\repository\jakarta\xml\bind\jakarta.xml.bind-api\4.0.2\jakarta.xml.bind-api-4.0.2.jar;C:\Users\Md Nabi Alam\.m2\repository\jakarta\activation\jakarta.activation-api\2.1.3\jakarta.activation-api-2.1.3.jar;C:\Users\Md Nabi Alam\.m2\repository\org\springframework\spring-core\6.2.10\spring-core-6.2.10.jar;C:\Users\Md Nabi Alam\.m2\repository\org\springframework\spring-jcl\6.2.10\spring-jcl-6.2.10.jar
Launcher Type: SUN_STANDARD

[Global flags]
     intx CICompilerCount                          = 12                                        {product} {ergonomic}
     uint ConcGCThreads                            = 3                                         {product} {ergonomic}
     uint G1ConcRefinementThreads                  = 13                                        {product} {ergonomic}
   size_t G1HeapRegionSize                         = 2097152                                   {product} {ergonomic}
    uintx GCDrainStackTargetSize                   = 64                                        {product} {ergonomic}
   size_t InitialHeapSize                          = 264241152                                 {product} {ergonomic}
     bool ManagementServer                         = true                                      {product} {command line}
   size_t MarkStackSize                            = 4194304                                   {product} {ergonomic}
   size_t MaxHeapSize                              = 4215275520                                {product} {ergonomic}
   size_t MaxNewSize                               = 2529165312                                {product} {ergonomic}
   size_t MinHeapDeltaBytes                        = 2097152                                   {product} {ergonomic}
   size_t MinHeapSize                              = 8388608                                   {product} {ergonomic}
    uintx NonNMethodCodeHeapSize                   = 4096                                   {pd product} {ergonomic}
    uintx NonProfiledCodeHeapSize                  = 0                                      {pd product} {ergonomic}
     bool ProfileInterpreter                       = false                                  {pd product} {command line}
    uintx ProfiledCodeHeapSize                     = 0                                      {pd product} {ergonomic}
     bool ShowCodeDetailsInExceptionMessages       = true                                   {manageable} {command line}
   size_t SoftMaxHeapSize                          = 4215275520                             {manageable} {ergonomic}
     intx TieredStopAtLevel                        = 1                                         {product} {command line}
     bool UseCompressedOops                        = true                           {product lp64_product} {ergonomic}
     bool UseG1GC                                  = true                                      {product} {ergonomic}
     bool UseLargePagesIndividualAllocation        = false                                  {pd product} {ergonomic}

Logging:
Log output configuration:
 #0: stdout all=warning uptime,level,tags foldmultilines=false
 #1: stderr all=off uptime,level,tags foldmultilines=false

Environment Variables:
PATH=N:\software\spring-tools-for-eclipse-4.30.0.RELEASE-e4.35.0-win32.win32.x86_64\sts-4.30.0.RELEASE\plugins\org.eclipse.justj.openjdk.hotspot.jre.full.win32.x86_64_21.0.6.v20250130-0529\jre\bin;N:/software/spring-tools-for-eclipse-4.30.0.RELEASE-e4.35.0-win32.win32.x86_64/sts-4.30.0.RELEASE//plugins/org.eclipse.justj.openjdk.hotspot.jre.full.win32.x86_64_21.0.6.v20250130-0529/jre/bin/server;N:/software/spring-tools-for-eclipse-4.30.0.RELEASE-e4.35.0-win32.win32.x86_64/sts-4.30.0.RELEASE//plugins/org.eclipse.justj.openjdk.hotspot.jre.full.win32.x86_64_21.0.6.v20250130-0529/jre/bin;C:\Program Files (x86)\Common Files\Oracle\Java\java8path;C:\Program Files (x86)\Common Files\Oracle\Java\javapath;C:\Windows\system32;C:\Windows;C:\Windows\System32\Wbem;C:\Windows\System32\WindowsPowerShell\v1.0\;C:\Windows\System32\OpenSSH\;C:\Program Files\Java\jdk1.8.0_201\bin;C:\Program Files\nodejs\;C:\Program Files\dotnet\;C:\Users\Md Nabi Alam\AppData\Local\Programs\Python\Launcher\;C:\Users\Md Nabi Alam\AppData\Local\Microsoft\WindowsApps;C:\Users\Md Nabi Alam\AppData\Local\Programs\Git\cmd;C:\Users\Md Nabi Alam\AppData\Local\Programs\Microsoft VS Code\bin;C:\Users\Md Nabi Alam\AppData\Roaming\npm;N:\software\spring-tools-for-eclipse-4.30.0.RELEASE-e4.35.0-win32.win32.x86_64\sts-4.30.0.RELEASE;
USERNAME=Md Nabi Alam
OS=Windows_NT
PROCESSOR_IDENTIFIER=Intel64 Family 6 Model 186 Stepping 2, GenuineIntel
TMP=C:\Users\MDNABI~1\AppData\Local\Temp
TEMP=C:\Users\MDNABI~1\AppData\Local\Temp




Periodic native trim disabled

---------------  S Y S T E M  ---------------

OS:
 Windows 11 , 64 bit Build 26100 (10.0.26100.6725)
OS uptime: 0 days 17:35 hours
Hyper-V role detected

CPU: total 16 (initial active 16) (8 cores per cpu, 2 threads per core) family 6 model 186 stepping 2 microcode 0x4123, cx8, cmov, fxsr, ht, mmx, 3dnowpref, sse, sse2, sse3, ssse3, sse4.1, sse4.2, popcnt, lzcnt, tsc, tscinvbit, avx, avx2, aes, erms, clmul, bmi1, bmi2, adx, sha, fma, vzeroupper, clflush, clflushopt, clwb, hv, serialize, rdtscp, rdpid, fsrm, f16c, cet_ibt, cet_ss
Processor Information for processor 0
  Max Mhz: 2400, Current Mhz: 2400, Mhz Limit: 2400
Processor Information for processor 1
  Max Mhz: 2400, Current Mhz: 1520, Mhz Limit: 2400
Processor Information for processor 2
  Max Mhz: 2400, Current Mhz: 2400, Mhz Limit: 2400
Processor Information for processor 3
  Max Mhz: 2400, Current Mhz: 2400, Mhz Limit: 2400
Processor Information for processor 4
  Max Mhz: 2400, Current Mhz: 2400, Mhz Limit: 2400
Processor Information for processor 5
  Max Mhz: 2400, Current Mhz: 2400, Mhz Limit: 2400
Processor Information for processor 6
  Max Mhz: 2400, Current Mhz: 2400, Mhz Limit: 2400
Processor Information for processor 7
  Max Mhz: 2400, Current Mhz: 2400, Mhz Limit: 2400
Processor Information for processor 8
  Max Mhz: 2400, Current Mhz: 2400, Mhz Limit: 2400
Processor Information for processor 9
  Max Mhz: 2400, Current Mhz: 2400, Mhz Limit: 2400
Processor Information for processor 10
  Max Mhz: 2400, Current Mhz: 2400, Mhz Limit: 2400
Processor Information for processor 11
  Max Mhz: 2400, Current Mhz: 2400, Mhz Limit: 2400
Processor Information for processor 12
  Max Mhz: 2400, Current Mhz: 1800, Mhz Limit: 1800
Processor Information for processor 13
  Max Mhz: 2400, Current Mhz: 1800, Mhz Limit: 1800
Processor Information for processor 14
  Max Mhz: 2400, Current Mhz: 1800, Mhz Limit: 1800
Processor Information for processor 15
  Max Mhz: 2400, Current Mhz: 1800, Mhz Limit: 1800

Memory: 4k page, system-wide physical 16076M (1240M free)
TotalPageFile size 39049M (AvailPageFile size 4614M)
current process WorkingSet (physical memory assigned to process): 304M, peak: 345M
current process commit charge ("private bytes"): 411M, peak: 433M

vm_info: OpenJDK 64-Bit Server VM (21.0.6+7-LTS) for windows-amd64 JRE (21.0.6+7-LTS), built on 2025-01-21T00:00:00Z by "admin" with MS VC++ 17.7 (VS2022)

END.
